2008-8-6 16:49:28 : 检测到第 1 个任务。
2008-8-6 16:49:28 : 任务名称：本机网络端口检测
2008-8-6 16:49:28 : 任务主机：127.0.0.1
2008-8-6 16:49:28 : 任务种类：ping
2008-8-6 16:49:28 : ping主机正常
2008-8-6 16:49:28 : 测试结果：127.0.0.1　20　　　0
2008-8-6 16:49:29 : 检测到第 2 个任务。
2008-8-6 16:49:29 : 任务名称：网关开机检测
2008-8-6 16:49:29 : 任务主机：192.168.5.110
2008-8-6 16:49:29 : 任务种类：ping
2008-8-6 16:49:29 : ping主机正常
2008-8-6 16:49:29 : 测试结果：192.168.5.110　20　　　2
2008-8-6 16:49:30 : 检测到第 3 个任务。
2008-8-6 16:49:30 : 任务名称：公司域名服务器检测
2008-8-6 16:49:30 : 任务主机：192.168.0.4
2008-8-6 16:49:30 : 任务种类：ping
2008-8-6 16:49:30 : ping主机正常
2008-8-6 16:49:30 : 测试结果：null result !
2008-8-6 16:49:31 : 检测到第 4 个任务。
2008-8-6 16:49:31 : 任务名称：数据库服务器检测
2008-8-6 16:49:31 : 任务主机：192.168.5.53
2008-8-6 16:49:31 : 任务种类：ping
2008-8-6 16:49:31 : ping主机正常
2008-8-6 16:49:31 : 测试结果：null result !
2008-8-6 16:49:32 : 检测到第 5 个任务。
2008-8-6 16:49:32 : 任务名称：测试网页
2008-8-6 16:49:33 : 任务主机：www.baidu.com
2008-8-6 16:49:33 : 任务种类：ping
2008-8-6 16:49:33 : ping主机已经关机
2008-8-6 16:49:33 : 测试结果：Can not find host!
2008-8-6 16:49:34 : 检测到第 1 个任务。
2008-8-6 16:49:34 : 任务名称：本机网络端口检测
2008-8-6 16:49:34 : 任务主机：127.0.0.1
2008-8-6 16:49:34 : 任务种类：ping
2008-8-6 16:49:34 : ping主机正常
2008-8-6 16:49:34 : 测试结果：null result !
2008-8-6 16:49:35 : 检测到第 2 个任务。
2008-8-6 16:49:35 : 任务名称：网关开机检测
2008-8-6 16:49:35 : 任务主机：192.168.5.110
2008-8-6 16:49:35 : 任务种类：ping
2008-8-6 16:49:35 : ping主机正常
2008-8-6 16:49:35 : 测试结果：null result !
2008-8-6 16:49:36 : 检测到第 3 个任务。
2008-8-6 16:49:36 : 任务名称：公司域名服务器检测
2008-8-6 16:49:36 : 任务主机：192.168.0.4
2008-8-6 16:49:36 : 任务种类：ping
2008-8-6 16:49:37 : ping主机正常
2008-8-6 16:49:37 : 测试结果：null result !
2008-8-6 16:49:38 : 检测到第 4 个任务。
2008-8-6 16:49:38 : 任务名称：数据库服务器检测
2008-8-6 16:49:38 : 任务主机：192.168.5.53
2008-8-6 16:49:38 : 任务种类：ping
2008-8-6 16:49:38 : ping主机正常
2008-8-6 16:49:38 : 测试结果：null result !
2008-8-6 16:49:39 : 检测到第 5 个任务。
2008-8-6 16:49:39 : 任务名称：测试网页
2008-8-6 16:49:39 : 任务主机：www.baidu.com
2008-8-6 16:49:39 : 任务种类：ping
2008-8-6 16:49:39 : ping主机已经关机
2008-8-6 16:49:39 : 测试结果：Can not find host!
2008-8-6 16:49:40 : 检测到第 1 个任务。
2008-8-6 16:49:40 : 任务名称：本机网络端口检测
2008-8-6 16:49:40 : 任务主机：127.0.0.1
2008-8-6 16:49:40 : 任务种类：ping
2008-8-6 16:49:40 : ping主机正常
2008-8-6 16:49:40 : 测试结果：null result !
2008-8-6 16:49:41 : 检测到第 2 个任务。
2008-8-6 16:49:41 : 任务名称：网关开机检测
2008-8-6 16:49:41 : 任务主机：192.168.5.110
2008-8-6 16:49:41 : 任务种类：ping
2008-8-6 16:49:41 : ping主机正常
2008-8-6 16:49:41 : 测试结果：null result !
2008-8-6 16:49:42 : 检测到第 3 个任务。
2008-8-6 16:49:42 : 任务名称：公司域名服务器检测
2008-8-6 16:49:42 : 任务主机：192.168.0.4
2008-8-6 16:49:43 : 任务种类：ping
2008-8-6 16:49:43 : ping主机正常
2008-8-6 16:49:43 : 测试结果：null result !
2008-8-6 16:49:44 : 检测到第 4 个任务。
2008-8-6 16:49:44 : 任务名称：数据库服务器检测
2008-8-6 16:49:44 : 任务主机：192.168.5.53
2008-8-6 16:49:44 : 任务种类：ping
2008-8-6 16:49:44 : ping主机正常
2008-8-6 16:49:44 : 测试结果：null result !
2008-8-6 16:49:45 : 检测到第 5 个任务。
2008-8-6 16:49:45 : 任务名称：测试网页
2008-8-6 16:49:45 : 任务主机：www.baidu.com
2008-8-6 16:49:45 : 任务种类：ping
2008-8-6 16:49:45 : ping主机已经关机
2008-8-6 16:49:45 : 测试结果：Can not find host!
2008-8-6 16:49:46 : 检测到第 1 个任务。
2008-8-6 16:49:46 : 任务名称：本机网络端口检测
2008-8-6 16:49:46 : 任务主机：127.0.0.1
2008-8-6 16:49:46 : 任务种类：ping
2008-8-6 16:49:46 : ping主机正常
2008-8-6 16:49:46 : 测试结果：null result !
2008-8-6 16:49:47 : 检测到第 2 个任务。
2008-8-6 16:49:47 : 任务名称：网关开机检测
2008-8-6 16:49:47 : 任务主机：192.168.5.110
2008-8-6 16:49:47 : 任务种类：ping
2008-8-6 16:49:47 : ping主机正常
2008-8-6 16:49:47 : 测试结果：null result !
2008-8-6 16:49:48 : 检测到第 3 个任务。
2008-8-6 16:49:48 : 任务名称：公司域名服务器检测
2008-8-6 16:49:48 : 任务主机：192.168.0.4
2008-8-6 16:49:48 : 任务种类：ping
2008-8-6 16:49:48 : ping主机正常
2008-8-6 16:49:49 : 测试结果：null result !
2008-8-6 16:49:50 : 检测到第 4 个任务。
2008-8-6 16:49:50 : 任务名称：数据库服务器检测
2008-8-6 16:49:50 : 任务主机：192.168.5.53
2008-8-6 16:49:50 : 任务种类：ping
2008-8-6 16:49:50 : ping主机正常
2008-8-6 16:49:50 : 测试结果：null result !
2008-8-6 16:49:51 : 检测到第 5 个任务。
2008-8-6 16:49:51 : 任务名称：测试网页
2008-8-6 16:49:51 : 任务主机：www.baidu.com
2008-8-6 16:49:51 : 任务种类：ping
2008-8-6 16:49:51 : ping主机已经关机
2008-8-6 16:49:51 : 测试结果：Can not find host!
2008-8-6 16:49:53 : 检测到第 1 个任务。
2008-8-6 16:49:53 : 任务名称：本机网络端口检测
2008-8-6 16:49:53 : 任务主机：127.0.0.1
2008-8-6 16:49:53 : 任务种类：ping
2008-8-6 16:49:53 : ping主机正常
2008-8-6 16:49:53 : 测试结果：null result !
2008-8-6 16:49:54 : 检测到第 2 个任务。
2008-8-6 16:49:54 : 任务名称：网关开机检测
2008-8-6 16:49:54 : 任务主机：192.168.5.110
2008-8-6 16:49:54 : 任务种类：ping
2008-8-6 16:49:54 : ping主机正常
2008-8-6 16:49:54 : 测试结果：null result !
2008-8-6 16:49:55 : 检测到第 3 个任务。
2008-8-6 16:49:55 : 任务名称：公司域名服务器检测
2008-8-6 16:49:55 : 任务主机：192.168.0.4
2008-8-6 16:49:55 : 任务种类：ping
2008-8-6 16:49:55 : ping主机正常
2008-8-6 16:49:55 : 测试结果：null result !
2008-8-6 16:49:56 : 检测到第 4 个任务。
2008-8-6 16:49:56 : 任务名称：数据库服务器检测
2008-8-6 16:49:56 : 任务主机：192.168.5.53
2008-8-6 16:49:56 : 任务种类：ping
2008-8-6 16:49:56 : ping主机正常
2008-8-6 16:49:56 : 测试结果：null result !
2008-8-6 16:49:57 : 检测到第 5 个任务。
2008-8-6 16:49:57 : 任务名称：测试网页
2008-8-6 16:49:57 : 任务主机：www.baidu.com
2008-8-6 16:49:57 : 任务种类：ping
2008-8-6 16:49:57 : ping主机已经关机
2008-8-6 16:49:57 : 测试结果：Can not find host!
2008-8-6 16:49:58 : 检测到第 1 个任务。
2008-8-6 16:49:58 : 任务名称：本机网络端口检测
2008-8-6 16:49:58 : 任务主机：127.0.0.1
2008-8-6 16:49:58 : 任务种类：ping
2008-8-6 16:49:58 : ping主机正常
2008-8-6 16:49:58 : 测试结果：null result !
2008-8-6 16:49:59 : 检测到第 2 个任务。
2008-8-6 16:49:59 : 任务名称：网关开机检测
2008-8-6 16:49:59 : 任务主机：192.168.5.110
2008-8-6 16:49:59 : 任务种类：ping
2008-8-6 16:49:59 : ping主机正常
2008-8-6 16:49:59 : 测试结果：null result !
2008-8-6 16:50:00 : 检测到第 3 个任务。
2008-8-6 16:50:00 : 任务名称：公司域名服务器检测
2008-8-6 16:50:00 : 任务主机：192.168.0.4
2008-8-6 16:50:00 : 任务种类：ping
2008-8-6 16:50:00 : ping主机正常
2008-8-6 16:50:00 : 测试结果：null result !
2008-8-6 16:50:01 : 检测到第 4 个任务。
2008-8-6 16:50:02 : 任务名称：数据库服务器检测
2008-8-6 16:50:02 : 任务主机：192.168.5.53
2008-8-6 16:50:02 : 任务种类：ping
2008-8-6 16:50:02 : ping主机正常
2008-8-6 16:50:02 : 测试结果：null result !
2008-8-6 16:50:03 : 检测到第 5 个任务。
2008-8-6 16:50:03 : 任务名称：测试网页
2008-8-6 16:50:03 : 任务主机：www.baidu.com
2008-8-6 16:50:03 : 任务种类：ping
2008-8-6 16:50:03 : ping主机已经关机
2008-8-6 16:50:03 : 测试结果：Can not find host!
2008-8-6 16:50:04 : 检测到第 1 个任务。
2008-8-6 16:50:04 : 任务名称：本机网络端口检测
2008-8-6 16:50:04 : 任务主机：127.0.0.1
2008-8-6 16:50:04 : 任务种类：ping
2008-8-6 16:50:04 : ping主机正常
2008-8-6 16:50:04 : 测试结果：null result !
2008-8-6 16:50:05 : 检测到第 2 个任务。
2008-8-6 16:50:05 : 任务名称：网关开机检测
2008-8-6 16:50:05 : 任务主机：192.168.5.110
2008-8-6 16:50:05 : 任务种类：ping
2008-8-6 16:50:05 : ping主机正常
2008-8-6 16:50:05 : 测试结果：null result !
2008-8-6 16:50:06 : 检测到第 3 个任务。
2008-8-6 16:50:07 : 任务名称：公司域名服务器检测
2008-8-6 16:50:07 : 任务主机：192.168.0.4
2008-8-6 16:50:07 : 任务种类：ping
2008-8-6 16:50:07 : ping主机正常
2008-8-6 16:50:07 : 测试结果：null result !
2008-8-6 16:50:08 : 检测到第 4 个任务。
2008-8-6 16:50:08 : 任务名称：数据库服务器检测
2008-8-6 16:50:08 : 任务主机：192.168.5.53
2008-8-6 16:50:08 : 任务种类：ping
2008-8-6 16:50:08 : ping主机正常
2008-8-6 16:50:08 : 测试结果：null result !
2008-8-6 16:50:09 : 检测到第 5 个任务。
2008-8-6 16:50:09 : 任务名称：测试网页
2008-8-6 16:50:09 : 任务主机：www.baidu.com
2008-8-6 16:50:09 : 任务种类：ping
2008-8-6 16:50:09 : ping主机已经关机
2008-8-6 16:50:09 : 测试结果：Can not find host!
2008-8-6 16:50:10 : 检测到第 1 个任务。
2008-8-6 16:50:10 : 任务名称：本机网络端口检测
2008-8-6 16:50:10 : 任务主机：127.0.0.1
2008-8-6 16:50:10 : 任务种类：ping
2008-8-6 16:50:10 : ping主机正常
2008-8-6 16:50:10 : 测试结果：null result !
2008-8-6 16:50:11 : 检测到第 2 个任务。
2008-8-6 16:50:11 : 任务名称：网关开机检测
2008-8-6 16:50:11 : 任务主机：192.168.5.110
2008-8-6 16:50:11 : 任务种类：ping
2008-8-6 16:50:11 : ping主机正常
2008-8-6 16:50:12 : 测试结果：null result !
2008-8-6 16:50:13 : 检测到第 3 个任务。
2008-8-6 16:50:13 : 任务名称：公司域名服务器检测
2008-8-6 16:50:13 : 任务主机：192.168.0.4
2008-8-6 16:50:13 : 任务种类：ping
2008-8-6 16:50:13 : ping主机正常
2008-8-6 16:50:13 : 测试结果：null result !
2008-8-6 16:50:14 : 检测到第 4 个任务。
2008-8-6 16:50:14 : 任务名称：数据库服务器检测
2008-8-6 16:50:14 : 任务主机：192.168.5.53
2008-8-6 16:50:14 : 任务种类：ping
2008-8-6 16:50:14 : ping主机正常
2008-8-6 16:50:14 : 测试结果：null result !
2008-8-6 16:50:15 : 检测到第 5 个任务。
2008-8-6 16:50:15 : 任务名称：测试网页
2008-8-6 16:50:15 : 任务主机：www.baidu.com
2008-8-6 16:50:15 : 任务种类：ping
2008-8-6 16:50:15 : ping主机已经关机
2008-8-6 16:50:15 : 测试结果：Can not find host!
2008-8-6 16:50:16 : 检测到第 1 个任务。
2008-8-6 16:50:16 : 任务名称：本机网络端口检测
2008-8-6 16:50:16 : 任务主机：127.0.0.1
2008-8-6 16:50:16 : 任务种类：ping
2008-8-6 16:50:16 : ping主机正常
2008-8-6 16:50:16 : 测试结果：null result !
2008-8-6 16:50:17 : 检测到第 2 个任务。
2008-8-6 16:50:17 : 任务名称：网关开机检测
2008-8-6 16:50:17 : 任务主机：192.168.5.110
2008-8-6 16:50:17 : 任务种类：ping
2008-8-6 16:50:18 : ping主机正常
2008-8-6 16:50:18 : 测试结果：null result !
2008-8-6 16:50:19 : 检测到第 3 个任务。
2008-8-6 16:50:19 : 任务名称：公司域名服务器检测
2008-8-6 16:50:19 : 任务主机：192.168.0.4
2008-8-6 16:50:19 : 任务种类：ping
2008-8-6 16:50:19 : ping主机正常
2008-8-6 16:50:19 : 测试结果：null result !
2008-8-6 16:50:20 : 检测到第 4 个任务。
2008-8-6 16:50:20 : 任务名称：数据库服务器检测
2008-8-6 16:50:20 : 任务主机：192.168.5.53
2008-8-6 16:50:20 : 任务种类：ping
2008-8-6 16:50:20 : ping主机正常
2008-8-6 16:50:20 : 测试结果：null result !
2008-8-6 16:50:21 : 检测到第 5 个任务。
2008-8-6 16:50:21 : 任务名称：测试网页
2008-8-6 16:50:21 : 任务主机：www.baidu.com
2008-8-6 16:50:21 : 任务种类：ping
2008-8-6 16:50:21 : ping主机已经关机
2008-8-6 16:50:21 : 测试结果：Can not find host!
2008-8-6 16:50:22 : 检测到第 1 个任务。
2008-8-6 16:50:22 : 任务名称：本机网络端口检测
2008-8-6 16:50:22 : 任务主机：127.0.0.1
2008-8-6 16:50:22 : 任务种类：ping
2008-8-6 16:50:22 : ping主机正常
2008-8-6 16:50:22 : 测试结果：null result !
2008-8-6 16:50:23 : 检测到第 2 个任务。
2008-8-6 16:50:23 : 任务名称：网关开机检测
2008-8-6 16:50:23 : 任务主机：192.168.5.110
2008-8-6 16:50:23 : 任务种类：ping
2008-8-6 16:50:23 : ping主机正常
2008-8-6 16:50:24 : 测试结果：null result !
2008-8-6 16:50:25 : 检测到第 3 个任务。
2008-8-6 16:50:25 : 任务名称：公司域名服务器检测
2008-8-6 16:50:25 : 任务主机：192.168.0.4
2008-8-6 16:50:25 : 任务种类：ping
2008-8-6 16:50:25 : ping主机正常
2008-8-6 16:50:25 : 测试结果：null result !
2008-8-6 16:50:26 : 检测到第 4 个任务。
2008-8-6 16:50:26 : 任务名称：数据库服务器检测
2008-8-6 16:50:26 : 任务主机：192.168.5.53
2008-8-6 16:50:26 : 任务种类：ping
2008-8-6 16:50:26 : ping主机正常
2008-8-6 16:50:26 : 测试结果：null result !
2008-8-6 16:50:27 : 检测到第 5 个任务。
2008-8-6 16:50:27 : 任务名称：测试网页
2008-8-6 16:50:27 : 任务主机：www.baidu.com
2008-8-6 16:50:27 : 任务种类：ping
2008-8-6 16:50:27 : ping主机已经关机
2008-8-6 16:50:27 : 测试结果：Can not find host!
