2010-04-09 16:17:26:连接SMTP服务器(SMTP.163.com)...
2010-04-09 16:17:28:<220 163.com Anti-spam GT for Coremail System (163com[20090903])
2010-04-09 16:17:28:>EHLO tefsoft
2010-04-09 16:17:28:<250-mail
2010-04-09 16:17:28:<250-PIPELINING
2010-04-09 16:17:28:<250-AUTH LOGIN PLAIN
2010-04-09 16:17:28:<250-AUTH=LOGIN PLAIN
2010-04-09 16:17:28:<250-coremail 1Uxr2xKj7kG0xkI17xGrUDI0s8FY2U3Uj8Cz28x1UUUUU7Ic2I0Y2UFqVceVUCa0xDrUUUUj
2010-04-09 16:17:28:<250 8BITMIME
2010-04-09 16:17:28:>AUTH LOGIN
2010-04-09 16:17:28:<334 dXNlcm5hbWU6
2010-04-09 16:17:28:>dGVmc29mdA==
2010-04-09 16:17:28:<334 UGFzc3dvcmQ6
2010-04-09 16:17:28:>dGVmc29mdDExMA==
2010-04-09 16:17:28:<235 Authentication successful
2010-04-09 16:17:28:>MAIL FROM:<Tefsoft@163.com>
2010-04-09 16:17:28:<250 Mail OK
2010-04-09 16:17:28:>RCPT TO:<Tefsoft@qq.com>
2010-04-09 16:17:28:<250 Mail OK
2010-04-09 16:17:28:>DATA
2010-04-09 16:17:28:<354 End data with <CR><LF>.<CR><LF>
2010-04-09 16:17:28:>.
2010-04-09 16:17:28:<250 Mail OK queued as smtp12,EMCowLALXQGS4r5LxdEdAA--.16374S2 1270801043
2010-04-09 16:17:28:>QUIT
2010-04-09 16:17:28:<221 Bye
