2013-01-22 10:30:11:连接SMTP服务器(SMTP.qq.com)...
2013-01-22 10:30:11:<220 smtp.qq.com Esmtp QQ Mail Server
2013-01-22 10:30:11:>EHLO 786556605
2013-01-22 10:30:11:<250-smtp.qq.com
2013-01-22 10:30:11:<250-PIPELINING
2013-01-22 10:30:11:<250-SIZE 52428800
2013-01-22 10:30:11:<250-AUTH LOGIN PLAIN
2013-01-22 10:30:11:<250-AUTH=LOGIN
2013-01-22 10:30:11:<250-MAILCOMPRESS
2013-01-22 10:30:11:<250 8BITMIME
2013-01-22 10:30:11:>AUTH LOGIN
2013-01-22 10:30:11:<334 VXNlcm5hbWU6
2013-01-22 10:30:11:>Nzg2NTU2NjA1
2013-01-22 10:30:11:<334 UGFzc3dvcmQ6
2013-01-22 10:30:11:>MjAxMDA0MzM1Njc0
2013-01-22 10:30:12:<235 Authentication successful
2013-01-22 10:30:12:>MAIL FROM:<786556605@qq.com>
2013-01-22 10:30:12:<250 Ok
2013-01-22 10:30:12:>RCPT TO:<Tefsoft@qq.com>
2013-01-22 10:30:12:<250 Ok
2013-01-22 10:30:12:>DATA
2013-01-22 10:30:18:<354 End data with <CR><LF>.<CR><LF>
2013-01-22 10:30:18:>.
2013-01-22 10:30:18:<250 Ok: queued as 
2013-01-22 10:30:18:>QUIT
2013-01-22 10:30:18:<221 Bye
2013-01-22 10:30:57:连接SMTP服务器(SMTP.qq.com)...
2013-01-22 10:30:57:<220 smtp.qq.com Esmtp QQ Mail Server
2013-01-22 10:30:57:>EHLO 786556605
2013-01-22 10:30:58:<250-smtp.qq.com
2013-01-22 10:30:58:<250-PIPELINING
2013-01-22 10:30:58:<250-SIZE 52428800
2013-01-22 10:30:58:<250-AUTH LOGIN PLAIN
2013-01-22 10:30:58:<250-AUTH=LOGIN
2013-01-22 10:30:58:<250-MAILCOMPRESS
2013-01-22 10:30:58:<250 8BITMIME
2013-01-22 10:30:58:>AUTH LOGIN
2013-01-22 10:30:58:<334 VXNlcm5hbWU6
2013-01-22 10:30:58:>Nzg2NTU2NjA1
2013-01-22 10:30:58:<334 UGFzc3dvcmQ6
2013-01-22 10:30:58:>MjAxMDA0MzM1Njc0
2013-01-22 10:30:58:<235 Authentication successful
2013-01-22 10:30:58:>MAIL FROM:<786556605@qq.com>
2013-01-22 10:30:58:<250 Ok
2013-01-22 10:30:58:>RCPT TO:<Tefsoft@qq.com>
2013-01-22 10:30:58:<250 Ok
2013-01-22 10:30:58:>RCPT TO:<786556605@qq.com>
2013-01-22 10:30:58:<250 Ok
2013-01-22 10:30:58:>DATA
2013-01-22 10:31:04:连接SMTP服务器(SMTP.qq.com)...
2013-01-22 10:31:04:<220 smtp.qq.com Esmtp QQ Mail Server
2013-01-22 10:31:04:>EHLO 786556605
2013-01-22 10:31:04:<250-smtp.qq.com
2013-01-22 10:31:04:<250-PIPELINING
2013-01-22 10:31:04:<250-SIZE 52428800
2013-01-22 10:31:04:<250-AUTH LOGIN PLAIN
2013-01-22 10:31:04:<250-AUTH=LOGIN
2013-01-22 10:31:04:<250-MAILCOMPRESS
2013-01-22 10:31:04:<250 8BITMIME
2013-01-22 10:31:04:>AUTH LOGIN
2013-01-22 10:31:04:<334 VXNlcm5hbWU6
2013-01-22 10:31:04:>Nzg2NTU2NjA1
2013-01-22 10:31:04:<334 UGFzc3dvcmQ6
2013-01-22 10:31:04:>MjAxMDA0MzM1Njc0
2013-01-22 10:31:04:<235 Authentication successful
2013-01-22 10:31:04:>MAIL FROM:<786556605@qq.com>
2013-01-22 10:31:04:<250 Ok
2013-01-22 10:31:04:>RCPT TO:<Tefsoft@qq.com>
2013-01-22 10:31:04:<250 Ok
2013-01-22 10:31:04:>RCPT TO:<786556605@qq.com>
2013-01-22 10:31:04:<250 Ok
2013-01-22 10:31:04:>DATA
2013-01-22 10:31:10:连接SMTP服务器(SMTP.qq.com)...
2013-01-22 10:31:10:<220 smtp.qq.com Esmtp QQ Mail Server
2013-01-22 10:31:10:>EHLO 786556605
2013-01-22 10:31:10:<250-smtp.qq.com
2013-01-22 10:31:10:<250-PIPELINING
2013-01-22 10:31:10:<250-SIZE 52428800
2013-01-22 10:31:10:<250-AUTH LOGIN PLAIN
2013-01-22 10:31:10:<250-AUTH=LOGIN
2013-01-22 10:31:10:<250-MAILCOMPRESS
2013-01-22 10:31:10:<250 8BITMIME
2013-01-22 10:31:10:>AUTH LOGIN
2013-01-22 10:31:10:<334 VXNlcm5hbWU6
2013-01-22 10:31:10:>Nzg2NTU2NjA1
2013-01-22 10:31:10:<334 UGFzc3dvcmQ6
2013-01-22 10:31:10:>MjAxMDA0MzM1Njc0
2013-01-22 10:31:10:<235 Authentication successful
2013-01-22 10:31:10:>MAIL FROM:<786556605@qq.com>
2013-01-22 10:31:10:<250 Ok
2013-01-22 10:31:10:>RCPT TO:<Tefsoft@qq.com>
2013-01-22 10:31:10:<250 Ok
2013-01-22 10:31:10:>RCPT TO:<786556605@qq.com>
2013-01-22 10:31:10:<250 Ok
2013-01-22 10:31:10:>DATA
2013-01-22 10:31:40:连接SMTP服务器(SMTP.qq.com)...
2013-01-22 10:31:40:<220 smtp.qq.com Esmtp QQ Mail Server
2013-01-22 10:31:40:>EHLO 786556605
2013-01-22 10:31:40:<250-smtp.qq.com
2013-01-22 10:31:40:<250-PIPELINING
2013-01-22 10:31:40:<250-SIZE 52428800
2013-01-22 10:31:40:<250-AUTH LOGIN PLAIN
2013-01-22 10:31:40:<250-AUTH=LOGIN
2013-01-22 10:31:40:<250-MAILCOMPRESS
2013-01-22 10:31:40:<250 8BITMIME
2013-01-22 10:31:40:>AUTH LOGIN
2013-01-22 10:31:40:<334 VXNlcm5hbWU6
2013-01-22 10:31:40:>Nzg2NTU2NjA1
2013-01-22 10:31:40:<334 UGFzc3dvcmQ6
2013-01-22 10:31:40:>MjAxMDA0MzM1Njc0
2013-01-22 10:31:41:<235 Authentication successful
2013-01-22 10:31:41:>MAIL FROM:<786556605@qq.com>
2013-01-22 10:31:41:<250 Ok
2013-01-22 10:31:41:>RCPT TO:<786556605@qq.com>
2013-01-22 10:31:41:<250 Ok
2013-01-22 10:31:41:>RCPT TO:<786556605@qq.com>
2013-01-22 10:31:41:<250 Ok
2013-01-22 10:31:41:>DATA
2013-01-22 10:31:45:<354 End data with <CR><LF>.<CR><LF>
2013-01-22 10:31:45:>.
2013-01-22 10:31:45:<250 Ok: queued as 
2013-01-22 10:31:45:>QUIT
2013-01-22 10:31:45:<221 Bye
2013-01-22 10:44:35:连接SMTP服务器(SMTP.qq.com)...
2013-01-22 10:44:36:<220 smtp.qq.com Esmtp QQ Mail Server
2013-01-22 10:44:36:>EHLO 786556605
2013-01-22 10:44:36:<250-smtp.qq.com
2013-01-22 10:44:36:<250-PIPELINING
2013-01-22 10:44:36:<250-SIZE 52428800
2013-01-22 10:44:36:<250-AUTH LOGIN PLAIN
2013-01-22 10:44:36:<250-AUTH=LOGIN
2013-01-22 10:44:36:<250-MAILCOMPRESS
2013-01-22 10:44:36:<250 8BITMIME
2013-01-22 10:44:36:>AUTH LOGIN
2013-01-22 10:44:36:<334 VXNlcm5hbWU6
2013-01-22 10:44:36:>Nzg2NTU2NjA1
2013-01-22 10:44:36:<334 UGFzc3dvcmQ6
2013-01-22 10:44:36:>MjAxMDA0MzM1Njc0
2013-01-22 10:44:36:<235 Authentication successful
2013-01-22 10:44:36:>MAIL FROM:<786556605@qq.com>
2013-01-22 10:44:36:<250 Ok
2013-01-22 10:44:36:>RCPT TO:<786556605@qq.com>
2013-01-22 10:44:36:<250 Ok
2013-01-22 10:44:36:>RCPT TO:<13068778632@wo.com.cn>
2013-01-22 10:44:36:<250 Ok
2013-01-22 10:44:36:>DATA
2013-01-22 10:44:36:<354 End data with <CR><LF>.<CR><LF>
2013-01-22 10:44:36:>.
2013-01-22 10:44:36:<250 Ok: queued as 
2013-01-22 10:44:36:>QUIT
2013-01-22 10:44:36:<221 Bye
2013-01-22 10:44:56:连接SMTP服务器(SMTP.qq.com)...
2013-01-22 10:44:56:<220 smtp.qq.com Esmtp QQ Mail Server
2013-01-22 10:44:56:>EHLO 786556605
2013-01-22 10:44:56:<250-smtp.qq.com
2013-01-22 10:44:56:<250-PIPELINING
2013-01-22 10:44:56:<250-SIZE 52428800
2013-01-22 10:44:56:<250-AUTH LOGIN PLAIN
2013-01-22 10:44:56:<250-AUTH=LOGIN
2013-01-22 10:44:56:<250-MAILCOMPRESS
2013-01-22 10:44:56:<250 8BITMIME
2013-01-22 10:44:56:>AUTH LOGIN
2013-01-22 10:44:56:<334 VXNlcm5hbWU6
2013-01-22 10:44:56:>Nzg2NTU2NjA1
2013-01-22 10:44:56:<334 UGFzc3dvcmQ6
2013-01-22 10:44:56:>MjAxMDA0MzM1Njc0
2013-01-22 10:44:56:<235 Authentication successful
2013-01-22 10:44:56:>MAIL FROM:<786556605@qq.com>
2013-01-22 10:44:57:<250 Ok
2013-01-22 10:44:57:>RCPT TO:<13068778632@wo.com.cn>
2013-01-22 10:44:57:<250 Ok
2013-01-22 10:44:57:>RCPT TO:<13068778632@wo.com.cn>
2013-01-22 10:44:57:<250 Ok
2013-01-22 10:44:57:>DATA
2013-01-22 10:44:57:<354 End data with <CR><LF>.<CR><LF>
2013-01-22 10:44:57:>.
2013-01-22 10:44:57:<250 Ok: queued as 
2013-01-22 10:44:57:>QUIT
2013-01-22 10:44:57:<221 Bye
2013-01-22 10:48:05:连接SMTP服务器(SMTP.qq.com)...
2013-01-22 10:48:05:<220 smtp.qq.com Esmtp QQ Mail Server
2013-01-22 10:48:05:>EHLO 786556605
2013-01-22 10:48:05:<250-smtp.qq.com
2013-01-22 10:48:05:<250-PIPELINING
2013-01-22 10:48:05:<250-SIZE 52428800
2013-01-22 10:48:05:<250-AUTH LOGIN PLAIN
2013-01-22 10:48:05:<250-AUTH=LOGIN
2013-01-22 10:48:05:<250-MAILCOMPRESS
2013-01-22 10:48:05:<250 8BITMIME
2013-01-22 10:48:05:>AUTH LOGIN
2013-01-22 10:48:06:<334 VXNlcm5hbWU6
2013-01-22 10:48:06:>Nzg2NTU2NjA1
2013-01-22 10:48:06:<334 UGFzc3dvcmQ6
2013-01-22 10:48:06:>MjAxMDA0MzM1Njc0
2013-01-22 10:48:06:<235 Authentication successful
2013-01-22 10:48:06:>MAIL FROM:<786556605@qq.com>
2013-01-22 10:48:06:<250 Ok
2013-01-22 10:48:06:>RCPT TO:<13068778632@wo.com.cn>
2013-01-22 10:48:06:<250 Ok
2013-01-22 10:48:06:>DATA
2013-01-22 10:48:06:<354 End data with <CR><LF>.<CR><LF>
2013-01-22 10:48:06:>.
2013-01-22 10:48:06:<250 Ok: queued as 
2013-01-22 10:48:06:>QUIT
2013-01-22 10:48:06:<221 Bye
2013-01-22 10:48:56:连接SMTP服务器(SMTP.qq.com)...
2013-01-22 10:48:56:<220 smtp.qq.com Esmtp QQ Mail Server
2013-01-22 10:48:56:>EHLO 786556605
2013-01-22 10:48:56:<250-smtp.qq.com
2013-01-22 10:48:56:<250-PIPELINING
2013-01-22 10:48:56:<250-SIZE 52428800
2013-01-22 10:48:56:<250-AUTH LOGIN PLAIN
2013-01-22 10:48:56:<250-AUTH=LOGIN
2013-01-22 10:48:56:<250-MAILCOMPRESS
2013-01-22 10:48:56:<250 8BITMIME
2013-01-22 10:48:56:>AUTH LOGIN
2013-01-22 10:48:56:<334 VXNlcm5hbWU6
2013-01-22 10:48:56:>Nzg2NTU2NjA1
2013-01-22 10:48:57:<334 UGFzc3dvcmQ6
2013-01-22 10:48:57:>MjAxMDA0MzM1Njc0
2013-01-22 10:48:57:<235 Authentication successful
2013-01-22 10:48:57:>MAIL FROM:<786556605@qq.com>
2013-01-22 10:48:57:<250 Ok
2013-01-22 10:48:57:>RCPT TO:<13068778632@wo.com.cn>
2013-01-22 10:48:57:<250 Ok
2013-01-22 10:48:57:>DATA
2013-01-22 10:48:57:<354 End data with <CR><LF>.<CR><LF>
2013-01-22 10:48:57:>.
2013-01-22 10:48:57:<250 Ok: queued as 
2013-01-22 10:48:57:>QUIT
2013-01-22 10:48:57:<221 Bye
2013-01-22 10:51:05:连接SMTP服务器(SMTP.qq.com)...
2013-01-22 10:51:05:<220 smtp.qq.com Esmtp QQ Mail Server
2013-01-22 10:51:05:>EHLO 786556605
2013-01-22 10:51:05:<250-smtp.qq.com
2013-01-22 10:51:05:<250-PIPELINING
2013-01-22 10:51:05:<250-SIZE 52428800
2013-01-22 10:51:05:<250-AUTH LOGIN PLAIN
2013-01-22 10:51:05:<250-AUTH=LOGIN
2013-01-22 10:51:05:<250-MAILCOMPRESS
2013-01-22 10:51:05:<250 8BITMIME
2013-01-22 10:51:05:>AUTH LOGIN
2013-01-22 10:51:05:<334 VXNlcm5hbWU6
2013-01-22 10:51:05:>Nzg2NTU2NjA1
2013-01-22 10:51:05:<334 UGFzc3dvcmQ6
2013-01-22 10:51:05:>MjAxMDA0MzM1Njc0
2013-01-22 10:51:08:<235 Authentication successful
2013-01-22 10:51:08:>MAIL FROM:<786556605@qq.com>
2013-01-22 10:51:08:<250 Ok
2013-01-22 10:51:08:>RCPT TO:<13068778632@wo.com.cn>
2013-01-22 10:51:08:<250 Ok
2013-01-22 10:51:08:>DATA
2013-01-22 10:51:08:<354 End data with <CR><LF>.<CR><LF>
2013-01-22 10:51:08:>.
2013-01-22 10:51:09:<250 Ok: queued as 
2013-01-22 10:51:09:>QUIT
2013-01-22 10:51:09:<221 Bye
2013-01-22 10:52:41:连接SMTP服务器(SMTP.qq.com)...
2013-01-22 10:52:41:<220 smtp.qq.com Esmtp QQ Mail Server
2013-01-22 10:52:41:>EHLO 786556605
2013-01-22 10:52:41:<250-smtp.qq.com
2013-01-22 10:52:41:<250-PIPELINING
2013-01-22 10:52:41:<250-SIZE 52428800
2013-01-22 10:52:41:<250-AUTH LOGIN PLAIN
2013-01-22 10:52:41:<250-AUTH=LOGIN
2013-01-22 10:52:41:<250-MAILCOMPRESS
2013-01-22 10:52:41:<250 8BITMIME
2013-01-22 10:52:41:>AUTH LOGIN
2013-01-22 10:52:41:<334 VXNlcm5hbWU6
2013-01-22 10:52:41:>Nzg2NTU2NjA1
2013-01-22 10:52:42:<334 UGFzc3dvcmQ6
2013-01-22 10:52:42:>MjAxMDA0MzM1Njc0
2013-01-22 10:52:42:<235 Authentication successful
2013-01-22 10:52:42:>MAIL FROM:<786556605@qq.com>
2013-01-22 10:52:42:<250 Ok
2013-01-22 10:52:42:>RCPT TO:<13068778632@wo.com.cn>
2013-01-22 10:52:42:<250 Ok
2013-01-22 10:52:42:>DATA
2013-01-22 10:52:42:<354 End data with <CR><LF>.<CR><LF>
2013-01-22 10:52:42:>.
2013-01-22 10:52:43:<250 Ok: queued as 
2013-01-22 10:52:43:>QUIT
2013-01-22 10:52:43:<221 Bye
