2005-6-21 8:15:05   Lÿ?ÿ204197468ÿ1ÿgodfatherÿ127.0.0.1ÿ?ÿ?
2005-6-21 8:15:08   Bÿ?ÿ204197468ÿ?ÿ?ÿ?ÿ?ÿ?
2005-6-21 8:15:16   Lÿ?ÿ20453484ÿ1ÿgodfatherÿ127.0.0.1ÿ?ÿ?
2005-6-21 8:15:19   Bÿ?ÿ20453484ÿ?ÿ?ÿ?ÿ?ÿ?
2005-6-21 8:15:23   Uÿ484ÿ468ÿ204197468ÿ?ÿ?ÿ?ÿ?
2005-6-21 8:15:27   Iÿ468ÿXÎÒÿ484ÿ20453484ÿ204197468ÿ?ÿ?
2005-6-21 8:15:29   Uÿ468ÿ484ÿ20453484ÿ?ÿ?ÿ?ÿ?
2005-6-21 8:15:29   Vÿ468ÿXÄãÿ204197468ÿ484ÿ20453484ÿ0ÿ?
2005-6-21 8:15:29   Uÿ484ÿ468ÿ204197468ÿ?ÿ?ÿ?ÿ?
2005-6-21 8:15:38   Pÿ484ÿ5ÿ1ÿ468ÿ20453484ÿ204197468ÿ468.Start
468.Down

2005-6-21 8:15:38   Pÿ484ÿ1ÿ2ÿ468ÿ20453484ÿ204197468ÿ468.Down

2005-6-21 8:15:38   Pÿ484ÿ1ÿ2ÿ468ÿ20453484ÿ204197468ÿ468.Down

2005-6-21 8:15:38   Pÿ484ÿ1ÿ2ÿ468ÿ20453484ÿ204197468ÿ468.Down

2005-6-21 8:15:39   Pÿ484ÿ1ÿ2ÿ468ÿ20453484ÿ204197468ÿ468.Down
468.Down

2005-6-21 8:15:39   Pÿ484ÿ1ÿ2ÿ468ÿ20453484ÿ204197468ÿ468.Down

2005-6-21 8:15:39   Pÿ484ÿ1ÿ2ÿ468ÿ20453484ÿ204197468ÿ468.Down
468.Down

2005-6-21 8:15:39   Pÿ484ÿ1ÿ2ÿ468ÿ20453484ÿ204197468ÿ468.Down
468.Down
468.Down
468.Down
468.Down
468.Down
468.Down

2005-6-21 8:15:39   Pÿ484ÿ1ÿ2ÿ468ÿ20453484ÿ204197468ÿ468.Down
468.Down
468.Down
468.Down
468.Down
468.Down
468.Down

2005-6-21 8:15:40   Pÿ484ÿ1ÿ2ÿ468ÿ20453484ÿ204197468ÿ468.Down
468.Down
468.Down
468.Down
468.Down
468.Down
468.Down

2005-6-21 8:15:40   Pÿ484ÿ1ÿ2ÿ468ÿ20453484ÿ204197468ÿ468.Down
468.Stop
468.Down
468.Down
468.Down
468.Down
468.Down
468.Down

2005-6-21 8:15:40   Pÿ484ÿ0ÿ1ÿ468ÿ20453484ÿ204197468ÿ468.Down
468.Down
468.Down
468.Down
468.Down
468.Down
468.Down
468.Down

2005-6-21 8:15:40   Pÿ484ÿ0ÿ1ÿ468ÿ20453484ÿ204197468ÿ468.Down
468.Down
468.Down
468.Down
468.Down
468.Down
468.Down

2005-6-21 8:15:41   Pÿ484ÿ0ÿ1ÿ468ÿ20453484ÿ204197468ÿ468.Down
468.Down
468.Down
468.Down
468.Down
468.Down
468.Down

2005-6-21 8:15:41   Pÿ484ÿ0ÿ1ÿ468ÿ20453484ÿ204197468ÿ468.Stop
468.Down
468.Down
468.Down
468.Down
468.Down
468.Down
468.Down

2005-6-21 8:15:41   Pÿ484ÿ6ÿ2ÿ468ÿ20453484ÿ204197468ÿ468.Down
468.Down
468.Down
468.Down
468.Down
468.Down
468.Down

2005-6-21 8:15:41   Pÿ484ÿ6ÿ2ÿ468ÿ20453484ÿ204197468ÿ468.Down
468.Down
468.Down
468.Down
468.Down
468.Down
468.Down

2005-6-21 8:15:41   Pÿ484ÿ6ÿ2ÿ468ÿ20453484ÿ204197468ÿ468.Down
468.Stop
468.Down
468.Down
468.Down
468.Down
468.Down
468.Down

2005-6-21 8:15:41   Pÿ484ÿ3ÿ4ÿ468ÿ20453484ÿ204197468ÿ468.Down
468.Down
468.Down
468.Down
468.Down
468.Down
468.Down

2005-6-21 8:15:42   Pÿ484ÿ3ÿ4ÿ468ÿ20453484ÿ204197468ÿ468.Down
468.Down
468.Down
468.Down
468.Down
468.Down
468.Down

2005-6-21 8:15:42   Pÿ484ÿ3ÿ4ÿ468ÿ20453484ÿ204197468ÿ468.Down
468.Down
468.Down
468.Down
468.Down
468.Down
468.Down

2005-6-21 8:15:42   Pÿ484ÿ3ÿ4ÿ468ÿ20453484ÿ204197468ÿ468.Down
468.Stop
468.Down
468.Down
468.Down
468.Down
468.Down
468.Down

2005-6-21 8:15:42   Pÿ484ÿ1ÿ1ÿ468ÿ20453484ÿ204197468ÿ468.Down
468.Down
468.Down
468.Down
468.Down
468.Down
468.Down

2005-6-21 8:15:42   Pÿ484ÿ1ÿ1ÿ468ÿ20453484ÿ204197468ÿ468.Down
468.Down
468.Down
468.Down
468.Down
468.Down
468.Down

2005-6-21 8:15:43   Pÿ484ÿ1ÿ1ÿ468ÿ20453484ÿ204197468ÿ468.Stop
468.Down
468.Down
468.Down
468.Down
468.Down
468.Down
468.Down

2005-6-21 8:15:43   Pÿ484ÿ0ÿ1ÿ468ÿ20453484ÿ204197468ÿ468.Down
468.Down
468.Down
468.Down
468.Down
468.Down
468.Down

2005-6-21 8:15:43   Pÿ484ÿ0ÿ1ÿ468ÿ20453484ÿ204197468ÿ468.Down
468.Stop
468.Down
468.Down
468.Down
468.Down
468.Down
468.Down
468.Down

2005-6-21 8:15:43   Pÿ484ÿ4ÿ3ÿ468ÿ20453484ÿ204197468ÿ468.Down
468.Down
468.Down
468.Down
468.Down
468.Down
468.Down

2005-6-21 8:15:44   Pÿ484ÿ4ÿ3ÿ468ÿ20453484ÿ204197468ÿ468.Stop
468.Down
468.Down
468.Down
468.Down
468.Down
468.Down
468.Down

2005-6-21 8:15:44   Pÿ484ÿ6ÿ2ÿ468ÿ20453484ÿ204197468ÿ468.Down
468.Down
468.Down
468.Down
468.Down
468.Down
468.Down

2005-6-21 8:15:44   Pÿ484ÿ6ÿ2ÿ468ÿ20453484ÿ204197468ÿ468.Down
468.Stop
468.Down
468.Down
468.Down
468.Down
468.Down
468.Down

2005-6-21 8:15:44   Pÿ484ÿ3ÿ3ÿ468ÿ20453484ÿ204197468ÿ468.Down
468.Down
468.Down
468.Down
468.Down
468.Down
468.Down

2005-6-21 8:15:44   Pÿ484ÿ3ÿ3ÿ468ÿ20453484ÿ204197468ÿ468.Stop
468.Down
468.Down
468.Down
468.Down
468.Down
468.Down
468.Down

2005-6-21 8:15:44   Pÿ484ÿ4ÿ1ÿ468ÿ20453484ÿ204197468ÿ468.Stop
468.Down
468.Down
468.Down
468.Down
468.Down
468.Down
468.Down

2005-6-21 8:15:50   Jÿ468ÿXÄãÿ204197468ÿ484ÿ?ÿ?ÿ?
2005-6-21 8:15:55   Cÿ468ÿXÄãÿ0ÿ204197468ÿgodfatherÿ127.0.0.1ÿ?
2005-6-21 8:15:57   Cÿ484ÿXÎÒÿ1ÿ20453484ÿgodfatherÿ127.0.0.1ÿ?
2005-6-23 21:09:50   Lÿ?ÿ204197468ÿ1ÿgodfatherÿ127.0.0.1ÿ?ÿ?
2005-6-23 21:09:52   Bÿ?ÿ204197468ÿ?ÿ?ÿ?ÿ?ÿ?
2005-6-23 21:09:59   Lÿ?ÿ20453484ÿ1ÿgodfatherÿ127.0.0.1ÿ?ÿ?
2005-6-23 21:10:01   Bÿ?ÿ20453484ÿ?ÿ?ÿ?ÿ?ÿ?
2005-6-23 21:10:03   Uÿ492ÿ468ÿ204197468ÿ?ÿ?ÿ?ÿ?
2005-6-23 21:10:08   Iÿ468ÿXÎÒÿ492ÿ20453484ÿ204197468ÿ?ÿ?
2005-6-23 21:10:09   Uÿ468ÿ492ÿ20453484ÿ?ÿ?ÿ?ÿ?
2005-6-23 21:10:09   Vÿ468ÿXÄãÿ204197468ÿ492ÿ20453484ÿ0ÿ?
2005-6-23 21:10:09   Uÿ492ÿ468ÿ204197468ÿ?ÿ?ÿ?ÿ?
2005-6-23 21:10:14   Pÿ492ÿ5ÿ1ÿ468ÿ20453484ÿ204197468ÿ468.Start
468.Down

2005-6-23 21:10:15   Pÿ492ÿ0ÿ1ÿ468ÿ20453484ÿ204197468ÿ468.Down

2005-6-23 21:10:15   Pÿ492ÿ0ÿ1ÿ468ÿ20453484ÿ204197468ÿ468.Down

2005-6-23 21:10:15   Pÿ492ÿ0ÿ1ÿ468ÿ20453484ÿ204197468ÿ468.Down

2005-6-23 21:10:15   Pÿ468ÿ3ÿ3ÿ492ÿ204197468ÿ20453484ÿ492.Start
492.Down

2005-6-23 21:10:15   Pÿ492ÿ0ÿ1ÿ468ÿ20453484ÿ204197468ÿ468.Down

2005-6-23 21:10:15   Pÿ468ÿ5ÿ2ÿ492ÿ204197468ÿ20453484ÿ492.Down

2005-6-23 21:10:15   Pÿ492ÿ0ÿ1ÿ468ÿ20453484ÿ204197468ÿ468.Down

2005-6-23 21:10:15   Pÿ468ÿ5ÿ2ÿ492ÿ204197468ÿ20453484ÿ492.Down

2005-6-23 21:10:16   Pÿ492ÿ0ÿ1ÿ468ÿ20453484ÿ204197468ÿ468.Down

2005-6-23 21:10:16   Pÿ468ÿ5ÿ2ÿ492ÿ204197468ÿ20453484ÿ492.Down

2005-6-23 21:10:16   Pÿ492ÿ0ÿ1ÿ468ÿ20453484ÿ204197468ÿ468.Down

2005-6-23 21:10:16   Pÿ468ÿ5ÿ2ÿ492ÿ204197468ÿ20453484ÿ492.Down

2005-6-23 21:10:16   Pÿ492ÿ0ÿ1ÿ468ÿ20453484ÿ204197468ÿ468.Down
468.Down

2005-6-23 21:10:16   Pÿ468ÿ5ÿ2ÿ492ÿ204197468ÿ20453484ÿ492.Down

2005-6-23 21:10:16   Pÿ492ÿ0ÿ1ÿ468ÿ20453484ÿ204197468ÿ468.Down

2005-6-23 21:10:16   Pÿ468ÿ5ÿ2ÿ492ÿ204197468ÿ20453484ÿ492.Down

2005-6-23 21:10:16   Pÿ492ÿ0ÿ1ÿ468ÿ20453484ÿ204197468ÿ468.Down

2005-6-23 21:10:16   Pÿ468ÿ5ÿ2ÿ492ÿ204197468ÿ20453484ÿ492.Down

2005-6-23 21:10:17   Pÿ492ÿ0ÿ1ÿ468ÿ20453484ÿ204197468ÿ468.Down
468.Down
468.Down
468.Down
468.Down
468.Down

2005-6-23 21:10:17   Pÿ468ÿ5ÿ2ÿ492ÿ204197468ÿ20453484ÿ492.Down

2005-6-23 21:10:17   Pÿ492ÿ0ÿ1ÿ468ÿ20453484ÿ204197468ÿ468.Down
468.Down
468.Down
468.Down
468.Down
468.Down
468.Down

2005-6-23 21:10:17   Pÿ468ÿ5ÿ2ÿ492ÿ204197468ÿ20453484ÿ492.Down

2005-6-23 21:10:17   Pÿ492ÿ0ÿ1ÿ468ÿ20453484ÿ204197468ÿ468.Down
468.Down
468.Down
468.Down
468.Down
468.Down
468.Down

2005-6-23 21:10:17   Pÿ468ÿ5ÿ2ÿ492ÿ204197468ÿ20453484ÿ492.Down

2005-6-23 21:10:17   Pÿ492ÿ0ÿ1ÿ468ÿ20453484ÿ204197468ÿ468.Stop
468.Down
468.Down
468.Down
468.Down
468.Down
468.Down
468.Down

2005-6-23 21:10:17   Pÿ468ÿ5ÿ2ÿ492ÿ204197468ÿ20453484ÿ492.Down

2005-6-23 21:10:17   Pÿ492ÿ0ÿ1ÿ468ÿ20453484ÿ204197468ÿ468.Down
468.Down
468.Down
468.Down
468.Down
468.Down
468.Down

2005-6-23 21:10:17   Pÿ468ÿ5ÿ2ÿ492ÿ204197468ÿ20453484ÿ492.Down

2005-6-23 21:10:18   Pÿ492ÿ0ÿ1ÿ468ÿ20453484ÿ204197468ÿ468.Down
468.Down
468.Down
468.Down
468.Down
468.Down
468.Down

2005-6-23 21:10:18   Pÿ468ÿ5ÿ2ÿ492ÿ204197468ÿ20453484ÿ492.Down

2005-6-23 21:10:18   Pÿ492ÿ0ÿ1ÿ468ÿ20453484ÿ204197468ÿ468.Down
468.Down
468.Down
468.Down
468.Down
468.Down
468.Down
468.Down

2005-6-23 21:10:18   Pÿ468ÿ5ÿ2ÿ492ÿ204197468ÿ20453484ÿ492.Down

2005-6-23 21:10:18   Pÿ492ÿ0ÿ1ÿ468ÿ20453484ÿ204197468ÿ468.Stop
468.Down
468.Down
468.Down
468.Down
468.Down
468.Down
468.Down

2005-6-23 21:10:18   Pÿ468ÿ5ÿ2ÿ492ÿ204197468ÿ20453484ÿ492.Down

2005-6-23 21:10:18   Pÿ492ÿ5ÿ2ÿ468ÿ20453484ÿ204197468ÿ468.Down
468.Down
468.Down
468.Down
468.Down
468.Down
468.Down

2005-6-23 21:10:18   Pÿ468ÿ5ÿ2ÿ492ÿ204197468ÿ20453484ÿ492.Down

2005-6-23 21:10:18   Pÿ492ÿ5ÿ2ÿ468ÿ20453484ÿ204197468ÿ468.Down
468.Down
468.Down
468.Down
468.Down
468.Down
468.Down

2005-6-23 21:10:18   Pÿ468ÿ5ÿ2ÿ492ÿ204197468ÿ20453484ÿ492.Down

2005-6-23 21:10:19   Pÿ492ÿ5ÿ2ÿ468ÿ20453484ÿ204197468ÿ468.Down
468.Stop
468.Down
468.Down
468.Down
468.Down
468.Down
468.Down

2005-6-23 21:10:19   Pÿ468ÿ5ÿ2ÿ492ÿ204197468ÿ20453484ÿ492.Down

2005-6-23 21:10:19   Pÿ492ÿ4ÿ1ÿ468ÿ20453484ÿ204197468ÿ468.Down
468.Down
468.Down
468.Down
468.Down
468.Down
468.Down

2005-6-23 21:10:19   Pÿ468ÿ5ÿ2ÿ492ÿ204197468ÿ20453484ÿ492.Down

2005-6-23 21:10:19   Pÿ492ÿ4ÿ1ÿ468ÿ20453484ÿ204197468ÿ468.Down
468.Down
468.Down
468.Down
468.Down
468.Down
468.Down

2005-6-23 21:10:19   Pÿ468ÿ5ÿ2ÿ492ÿ204197468ÿ20453484ÿ492.Down

2005-6-23 21:10:19   Pÿ492ÿ4ÿ1ÿ468ÿ20453484ÿ204197468ÿ468.Stop
468.Down
468.Down
468.Down
468.Down
468.Down
468.Down
468.Down

2005-6-23 21:10:19   Pÿ468ÿ5ÿ2ÿ492ÿ204197468ÿ20453484ÿ492.Down

2005-6-23 21:10:19   Pÿ492ÿ1ÿ1ÿ468ÿ20453484ÿ204197468ÿ468.Down
468.Down
468.Down
468.Down
468.Down
468.Down
468.Down

2005-6-23 21:10:19   Pÿ468ÿ5ÿ2ÿ492ÿ204197468ÿ20453484ÿ492.Down

2005-6-23 21:10:20   Pÿ492ÿ1ÿ1ÿ468ÿ20453484ÿ204197468ÿ468.Down
468.Down
468.Down
468.Down
468.Down
468.Down
468.Down

2005-6-23 21:10:20   Pÿ468ÿ5ÿ2ÿ492ÿ204197468ÿ20453484ÿ492.Down

2005-6-23 21:10:20   Pÿ492ÿ1ÿ1ÿ468ÿ20453484ÿ204197468ÿ468.Stop
468.Down
468.Down
468.Down
468.Down
468.Down
468.Down
468.Down

2005-6-23 21:10:20   Pÿ468ÿ5ÿ2ÿ492ÿ204197468ÿ20453484ÿ492.Down

2005-6-23 21:10:20   Pÿ492ÿ5ÿ3ÿ468ÿ20453484ÿ204197468ÿ468.Down
468.Down
468.Down
468.Down
468.Down
468.Down
468.Down

2005-6-23 21:10:20   Pÿ468ÿ5ÿ2ÿ492ÿ204197468ÿ20453484ÿ492.Down

2005-6-23 21:10:20   Pÿ492ÿ5ÿ3ÿ468ÿ20453484ÿ204197468ÿ468.Stop
468.Down
468.Down
468.Down
468.Down
468.Down
468.Down
468.Down

2005-6-23 21:10:20   Pÿ468ÿ5ÿ2ÿ492ÿ204197468ÿ20453484ÿ492.Down

2005-6-23 21:10:20   Pÿ492ÿ1ÿ2ÿ468ÿ20453484ÿ204197468ÿ468.Down
468.Down
468.Down
468.Down
468.Down
468.Down
468.Down

2005-6-23 21:10:20   Pÿ468ÿ5ÿ2ÿ492ÿ204197468ÿ20453484ÿ492.Stop
492.Down

2005-6-23 21:10:21   Pÿ492ÿ1ÿ2ÿ468ÿ20453484ÿ204197468ÿ468.Down
468.Down
468.Down
468.Down
468.Down
468.Down
468.Down

2005-6-23 21:10:21   Pÿ468ÿ3ÿ1ÿ492ÿ204197468ÿ20453484ÿ492.Down

2005-6-23 21:10:21   Pÿ492ÿ1ÿ2ÿ468ÿ20453484ÿ204197468ÿ468.Down
468.Stop
468.Down
468.Down
468.Down
468.Down
468.Down
468.Down
468.Down

2005-6-23 21:10:21   Pÿ468ÿ3ÿ1ÿ492ÿ204197468ÿ20453484ÿ492.Down

2005-6-23 21:10:21   Pÿ492ÿ5ÿ4ÿ468ÿ20453484ÿ204197468ÿ468.Down
468.Down
468.Down
468.Down
468.Down
468.Down
468.Down

2005-6-23 21:10:21   Pÿ468ÿ3ÿ1ÿ492ÿ204197468ÿ20453484ÿ492.Down

2005-6-23 21:10:21   Pÿ492ÿ5ÿ4ÿ468ÿ20453484ÿ204197468ÿ468.Stop
468.Down
468.Down
468.Down
468.Down
468.Down
468.Down
468.Down

2005-6-23 21:10:21   Pÿ468ÿ3ÿ1ÿ492ÿ204197468ÿ20453484ÿ492.Down

2005-6-23 21:10:21   Pÿ492ÿ2ÿ2ÿ468ÿ20453484ÿ204197468ÿ468.Stop
468.Down
468.Down
468.Down
468.Down
468.Down
468.Down
468.Down

2005-6-23 21:10:21   Pÿ468ÿ3ÿ1ÿ492ÿ204197468ÿ20453484ÿ492.Down

2005-6-23 21:10:22   Pÿ492ÿ4ÿ2ÿ468ÿ20453484ÿ204197468ÿ468.Down
468.Down
468.Down
468.Down
468.Down
468.Down
468.Down

2005-6-23 21:10:22   Pÿ468ÿ3ÿ1ÿ492ÿ204197468ÿ20453484ÿ492.Down

2005-6-23 21:10:22   Pÿ492ÿ4ÿ2ÿ468ÿ20453484ÿ204197468ÿ468.Stop
468.Down
468.Down
468.Down
468.Down
468.Down
468.Down
468.Down

2005-6-23 21:10:22   Pÿ468ÿ3ÿ1ÿ492ÿ204197468ÿ20453484ÿ492.Down

2005-6-23 21:10:22   Pÿ492ÿ6ÿ2ÿ468ÿ20453484ÿ204197468ÿ468.Stop
468.Stop
468.Down
468.Down
468.Down
468.Down
468.Down
468.Down
468.Down

2005-6-23 21:10:22   Pÿ468ÿ3ÿ1ÿ492ÿ204197468ÿ20453484ÿ492.Down

2005-6-23 21:10:22   Pÿ468ÿ3ÿ1ÿ492ÿ204197468ÿ20453484ÿ492.Down

2005-6-23 21:10:22   Pÿ468ÿ3ÿ1ÿ492ÿ204197468ÿ20453484ÿ492.Down

2005-6-23 21:10:23   Pÿ468ÿ3ÿ1ÿ492ÿ204197468ÿ20453484ÿ492.Down

2005-6-23 21:10:23   Pÿ468ÿ3ÿ1ÿ492ÿ204197468ÿ20453484ÿ492.Down

2005-6-23 21:10:23   Pÿ468ÿ3ÿ1ÿ492ÿ204197468ÿ20453484ÿ492.Down

2005-6-23 21:10:23   Pÿ468ÿ3ÿ1ÿ492ÿ204197468ÿ20453484ÿ492.Down

2005-6-23 21:10:23   Pÿ468ÿ3ÿ1ÿ492ÿ204197468ÿ20453484ÿ492.Down

2005-6-23 21:10:24   Pÿ468ÿ3ÿ1ÿ492ÿ204197468ÿ20453484ÿ492.Down

2005-6-23 21:10:24   Pÿ468ÿ3ÿ1ÿ492ÿ204197468ÿ20453484ÿ492.Down

2005-6-23 21:10:24   Pÿ468ÿ3ÿ1ÿ492ÿ204197468ÿ20453484ÿ492.Down

2005-6-23 21:10:24   Pÿ468ÿ3ÿ1ÿ492ÿ204197468ÿ20453484ÿ492.Down

2005-6-23 21:10:24   Pÿ468ÿ3ÿ1ÿ492ÿ204197468ÿ20453484ÿ492.Down

2005-6-23 21:10:25   Pÿ468ÿ3ÿ1ÿ492ÿ204197468ÿ20453484ÿ492.Down

2005-6-23 21:10:25   Pÿ468ÿ3ÿ1ÿ492ÿ204197468ÿ20453484ÿ492.Down

2005-6-23 21:10:25   Pÿ468ÿ3ÿ1ÿ492ÿ204197468ÿ20453484ÿ492.Down

2005-6-23 21:10:25   Pÿ468ÿ3ÿ1ÿ492ÿ204197468ÿ20453484ÿ492.Down

2005-6-23 21:10:25   Pÿ468ÿ3ÿ1ÿ492ÿ204197468ÿ20453484ÿ492.Stop
492.Down

2005-6-23 21:10:26   Pÿ468ÿ4ÿ2ÿ492ÿ204197468ÿ20453484ÿ492.Down

2005-6-23 21:10:26   Pÿ468ÿ4ÿ2ÿ492ÿ204197468ÿ20453484ÿ492.Down

2005-6-23 21:10:26   Pÿ468ÿ4ÿ2ÿ492ÿ204197468ÿ20453484ÿ492.Down

2005-6-23 21:10:26   Pÿ468ÿ4ÿ2ÿ492ÿ204197468ÿ20453484ÿ492.Down

2005-6-23 21:10:26   Pÿ468ÿ4ÿ2ÿ492ÿ204197468ÿ20453484ÿ492.Down

2005-6-23 21:10:27   Pÿ468ÿ4ÿ2ÿ492ÿ204197468ÿ20453484ÿ492.Down

2005-6-23 21:10:27   Pÿ468ÿ4ÿ2ÿ492ÿ204197468ÿ20453484ÿ492.Down

2005-6-23 21:10:27   Pÿ468ÿ4ÿ2ÿ492ÿ204197468ÿ20453484ÿ492.Down

2005-6-23 21:10:27   Pÿ468ÿ4ÿ2ÿ492ÿ204197468ÿ20453484ÿ492.Down

2005-6-23 21:10:27   Pÿ468ÿ4ÿ2ÿ492ÿ204197468ÿ20453484ÿ492.Down

2005-6-23 21:10:28   Pÿ468ÿ4ÿ2ÿ492ÿ204197468ÿ20453484ÿ492.Down

2005-6-23 21:10:28   Pÿ468ÿ4ÿ2ÿ492ÿ204197468ÿ20453484ÿ492.Down

2005-6-23 21:10:28   Pÿ468ÿ4ÿ2ÿ492ÿ204197468ÿ20453484ÿ492.Down

2005-6-23 21:10:28   Pÿ468ÿ4ÿ2ÿ492ÿ204197468ÿ20453484ÿ492.Down

2005-6-23 21:10:28   Pÿ468ÿ4ÿ2ÿ492ÿ204197468ÿ20453484ÿ492.Down

2005-6-23 21:10:29   Pÿ468ÿ4ÿ2ÿ492ÿ204197468ÿ20453484ÿ492.Down

2005-6-23 21:10:29   Pÿ468ÿ4ÿ2ÿ492ÿ204197468ÿ20453484ÿ492.Down

2005-6-23 21:10:29   Pÿ468ÿ4ÿ2ÿ492ÿ204197468ÿ20453484ÿ492.Down

2005-6-23 21:10:29   Pÿ468ÿ4ÿ2ÿ492ÿ204197468ÿ20453484ÿ492.Down

2005-6-23 21:10:29   Pÿ468ÿ4ÿ2ÿ492ÿ204197468ÿ20453484ÿ492.Down

2005-6-23 21:10:30   Pÿ468ÿ4ÿ2ÿ492ÿ204197468ÿ20453484ÿ492.Down

2005-6-23 21:10:30   Pÿ468ÿ4ÿ2ÿ492ÿ204197468ÿ20453484ÿ492.Down

2005-6-23 21:10:30   Pÿ468ÿ4ÿ2ÿ492ÿ204197468ÿ20453484ÿ492.Stop
492.Down

2005-6-23 21:10:30   Pÿ468ÿ1ÿ2ÿ492ÿ204197468ÿ20453484ÿ492.Down

2005-6-23 21:10:30   Pÿ468ÿ1ÿ2ÿ492ÿ204197468ÿ20453484ÿ492.Down

2005-6-23 21:10:31   Pÿ468ÿ1ÿ2ÿ492ÿ204197468ÿ20453484ÿ492.Down

2005-6-23 21:10:31   Pÿ468ÿ1ÿ2ÿ492ÿ204197468ÿ20453484ÿ492.Down

2005-6-23 21:10:31   Jÿ468ÿXÄãÿ204197468ÿ492ÿ?ÿ?ÿ?
2005-6-23 21:10:31   Pÿ468ÿ1ÿ2ÿ492ÿ204197468ÿ20453484ÿ492.Down

2005-6-23 21:10:31   Pÿ468ÿ1ÿ2ÿ492ÿ204197468ÿ20453484ÿ492.Down

2005-6-23 21:10:31   Pÿ468ÿ1ÿ2ÿ492ÿ204197468ÿ20453484ÿ492.Down

2005-6-23 21:10:32   Pÿ468ÿ1ÿ2ÿ492ÿ204197468ÿ20453484ÿ492.Down

2005-6-23 21:10:32   Pÿ468ÿ1ÿ2ÿ492ÿ204197468ÿ20453484ÿ492.Down

2005-6-23 21:10:42   Cÿ468ÿXÄãÿ0ÿ204197468ÿgodfatherÿ127.0.0.1ÿ?
2005-6-23 21:10:44   Cÿ492ÿXÎÒÿ1ÿ20453484ÿgodfatherÿ127.0.0.1ÿ?
2005-6-23 21:13:09   Lÿ?ÿ204197468ÿ1ÿgodfatherÿ127.0.0.1ÿ?ÿ?
2005-6-23 21:13:11   Bÿ?ÿ204197468ÿ?ÿ?ÿ?ÿ?ÿ?
2005-6-23 21:13:18   Lÿ?ÿ20453484ÿ1ÿgodfatherÿ127.0.0.1ÿ?ÿ?
2005-6-23 21:13:20   Bÿ?ÿ20453484ÿ?ÿ?ÿ?ÿ?ÿ?
2005-6-23 21:13:22   Uÿ480ÿ464ÿ204197468ÿ?ÿ?ÿ?ÿ?
2005-6-23 21:13:35   Uÿ464ÿ480ÿ20453484ÿ?ÿ?ÿ?ÿ?
2005-6-23 21:13:57   Cÿ480ÿXÎÒÿ1ÿ20453484ÿgodfatherÿ127.0.0.1ÿ?
2005-6-23 21:14:00   Cÿ464ÿXÄãÿ0ÿ204197468ÿgodfatherÿ127.0.0.1ÿ?
2005-6-26 23:10:50   Lÿ?ÿ204197468ÿ1ÿgodfatherÿ127.0.0.1ÿ?ÿ?
2005-6-26 23:10:52   Bÿ?ÿ204197468ÿ?ÿ?ÿ?ÿ?ÿ?
2005-6-26 23:11:03   Lÿ?ÿ20453484ÿ1ÿgodfatherÿ127.0.0.1ÿ?ÿ?
2005-6-26 23:11:05   Bÿ?ÿ20453484ÿ?ÿ?ÿ?ÿ?ÿ?
2005-6-26 23:11:08   Uÿ484ÿ468ÿ204197468ÿ?ÿ?ÿ?ÿ?
2005-6-26 23:11:09   Iÿ468ÿXÎÒÿ484ÿ20453484ÿ204197468ÿ?ÿ?
2005-6-26 23:11:10   Uÿ468ÿ484ÿ20453484ÿ?ÿ?ÿ?ÿ?
2005-6-26 23:11:10   Vÿ468ÿXÄãÿ204197468ÿ484ÿ20453484ÿ0ÿ?
2005-6-26 23:11:10   Uÿ484ÿ468ÿ204197468ÿ?ÿ?ÿ?ÿ?
2005-6-26 23:11:12   Pÿ484ÿ5ÿ2ÿ468ÿ20453484ÿ204197468ÿ468.Start
468.Down

2005-6-26 23:11:12   Pÿ484ÿ6ÿ2ÿ468ÿ20453484ÿ204197468ÿ468.Down
468.Down

2005-6-26 23:11:13   Pÿ484ÿ6ÿ2ÿ468ÿ20453484ÿ204197468ÿ468.Down
468.Down

2005-6-26 23:11:13   Pÿ484ÿ6ÿ2ÿ468ÿ20453484ÿ204197468ÿ468.Down
468.Down

2005-6-26 23:11:14   Pÿ484ÿ6ÿ2ÿ468ÿ20453484ÿ204197468ÿ468.Down
468.Down

2005-6-26 23:11:14   Pÿ484ÿ6ÿ2ÿ468ÿ20453484ÿ204197468ÿ468.Down
468.Down

2005-6-26 23:11:14   Pÿ484ÿ6ÿ2ÿ468ÿ20453484ÿ204197468ÿ468.Down
468.Down

2005-6-26 23:11:15   Pÿ484ÿ6ÿ2ÿ468ÿ20453484ÿ204197468ÿ468.Down
468.Down
468.Down

2005-6-26 23:11:15   Pÿ484ÿ6ÿ2ÿ468ÿ20453484ÿ204197468ÿ468.Down
468.Down

2005-6-26 23:11:16   Pÿ484ÿ6ÿ2ÿ468ÿ20453484ÿ204197468ÿ468.Down
468.Down
468.Down
468.Down
468.Down
468.Change

2005-6-26 23:11:16   Pÿ484ÿ6ÿ2ÿ468ÿ20453484ÿ204197468ÿ468.Down
468.Change
468.Change
468.Down

2005-6-26 23:11:16   Pÿ484ÿ6ÿ2ÿ468ÿ20453484ÿ204197468ÿ468.Down
468.Down

2005-6-26 23:11:17   Pÿ484ÿ6ÿ2ÿ468ÿ20453484ÿ204197468ÿ468.Down
468.Down
468.Down

2005-6-26 23:11:17   Pÿ484ÿ6ÿ2ÿ468ÿ20453484ÿ204197468ÿ468.Down
468.Stop
468.Down

2005-6-26 23:11:18   Pÿ484ÿ2ÿ2ÿ468ÿ20453484ÿ204197468ÿ468.Down
468.Down
468.Down
468.Down
468.Down
468.Down
468.Down
468.Down
468.Down
468.Down
468.Down
468.Down
468.Left

2005-6-26 23:11:18   Pÿ484ÿ2ÿ2ÿ468ÿ20453484ÿ204197468ÿ468.Down
468.Down
468.Left

2005-6-26 23:11:18   Pÿ484ÿ2ÿ2ÿ468ÿ20453484ÿ204197468ÿ468.Down
468.Down

2005-6-26 23:11:19   Pÿ484ÿ2ÿ2ÿ468ÿ20453484ÿ204197468ÿ468.Down
468.Down
468.Down

2005-6-26 23:11:19   Pÿ484ÿ2ÿ2ÿ468ÿ20453484ÿ204197468ÿ468.Down
468.Down
468.Down
468.Down
468.Down
468.Down
468.Down
468.Down
468.Down

2005-6-26 23:11:20   Pÿ484ÿ2ÿ2ÿ468ÿ20453484ÿ204197468ÿ468.Down
468.Stop
468.Down
468.Down
468.Down
468.Down
468.Change

2005-6-26 23:11:20   Pÿ484ÿ5ÿ2ÿ468ÿ20453484ÿ204197468ÿ468.Down
468.Down
468.Right

2005-6-26 23:11:20   Pÿ484ÿ5ÿ2ÿ468ÿ20453484ÿ204197468ÿ468.Down
468.Down
468.Right

2005-6-26 23:11:21   Pÿ484ÿ5ÿ2ÿ468ÿ20453484ÿ204197468ÿ468.Down
468.Down
468.Down

2005-6-26 23:11:21   Pÿ484ÿ5ÿ2ÿ468ÿ20453484ÿ204197468ÿ468.Down
468.Down
468.Down
468.Down

2005-6-26 23:11:22   Pÿ484ÿ5ÿ2ÿ468ÿ20453484ÿ204197468ÿ468.Down
468.Down
468.Down
468.Down

2005-6-26 23:11:22   Pÿ484ÿ5ÿ2ÿ468ÿ20453484ÿ204197468ÿ468.Down
468.Down
468.Down

2005-6-26 23:11:22   Pÿ484ÿ5ÿ2ÿ468ÿ20453484ÿ204197468ÿ468.Down
468.Down
468.Down

2005-6-26 23:11:23   Pÿ484ÿ5ÿ2ÿ468ÿ20453484ÿ204197468ÿ468.Down
468.Stop
468.Down
468.Change

2005-6-26 23:11:23   Pÿ484ÿ2ÿ1ÿ468ÿ20453484ÿ204197468ÿ468.Down
468.Down
468.Change

2005-6-26 23:11:24   Pÿ484ÿ2ÿ1ÿ468ÿ20453484ÿ204197468ÿ468.Down
468.Down
468.Change

2005-6-26 23:11:24   Pÿ484ÿ2ÿ1ÿ468ÿ20453484ÿ204197468ÿ468.Down
468.Down
468.Right

2005-6-26 23:11:24   Pÿ484ÿ2ÿ1ÿ468ÿ20453484ÿ204197468ÿ468.Down
468.Down

2005-6-26 23:11:25   Pÿ484ÿ2ÿ1ÿ468ÿ20453484ÿ204197468ÿ468.Down
468.Down

2005-6-26 23:11:25   Pÿ484ÿ2ÿ1ÿ468ÿ20453484ÿ204197468ÿ468.Down
468.Right
468.Down
468.Right

2005-6-26 23:11:26   Pÿ484ÿ2ÿ1ÿ468ÿ20453484ÿ204197468ÿ468.Down
468.Down
468.Right

2005-6-26 23:11:26   Pÿ484ÿ2ÿ1ÿ468ÿ20453484ÿ204197468ÿ468.Down
468.Right
468.Down

2005-6-26 23:11:26   Pÿ484ÿ2ÿ1ÿ468ÿ20453484ÿ204197468ÿ468.Down
468.Down

2005-6-26 23:11:27   Pÿ484ÿ2ÿ1ÿ468ÿ20453484ÿ204197468ÿ468.Down
468.Down
468.Down

2005-6-26 23:11:27   Pÿ484ÿ2ÿ1ÿ468ÿ20453484ÿ204197468ÿ468.Down
468.Down
468.Down
468.Down
468.Down
468.Down

2005-6-26 23:11:28   Pÿ484ÿ2ÿ1ÿ468ÿ20453484ÿ204197468ÿ468.Down
468.Stop
468.Down
468.Down
468.Down
468.Down
468.Change

2005-6-26 23:11:28   Pÿ484ÿ1ÿ2ÿ468ÿ20453484ÿ204197468ÿ468.Down
468.Down
468.Left

2005-6-26 23:11:28   Pÿ484ÿ1ÿ2ÿ468ÿ20453484ÿ204197468ÿ468.Down
468.Left
468.Down
468.Left

2005-6-26 23:11:29   Pÿ484ÿ1ÿ2ÿ468ÿ20453484ÿ204197468ÿ468.Down
468.Left
468.Down

2005-6-26 23:11:29   Pÿ484ÿ1ÿ2ÿ468ÿ20453484ÿ204197468ÿ468.Down
468.Down

2005-6-26 23:11:30   Pÿ484ÿ1ÿ2ÿ468ÿ20453484ÿ204197468ÿ468.Down
468.Down

2005-6-26 23:11:30   Pÿ484ÿ1ÿ2ÿ468ÿ20453484ÿ204197468ÿ468.Down
468.Down

2005-6-26 23:11:30   Pÿ484ÿ1ÿ2ÿ468ÿ20453484ÿ204197468ÿ468.Down
468.Down

2005-6-26 23:11:31   Pÿ484ÿ1ÿ2ÿ468ÿ20453484ÿ204197468ÿ468.Down
468.Down

2005-6-26 23:11:31   Pÿ484ÿ1ÿ2ÿ468ÿ20453484ÿ204197468ÿ468.Down
468.Down

2005-6-26 23:11:32   Pÿ484ÿ1ÿ2ÿ468ÿ20453484ÿ204197468ÿ468.Down
468.Down

2005-6-26 23:11:32   Pÿ484ÿ1ÿ2ÿ468ÿ20453484ÿ204197468ÿ468.Down
468.Stop
468.Down

2005-6-26 23:11:32   Pÿ484ÿ3ÿ1ÿ468ÿ20453484ÿ204197468ÿ468.Down
468.Down

2005-6-26 23:11:33   Pÿ484ÿ3ÿ1ÿ468ÿ20453484ÿ204197468ÿ468.Down
468.Down

2005-6-26 23:11:33   Pÿ484ÿ3ÿ1ÿ468ÿ20453484ÿ204197468ÿ468.Down
468.Down

2005-6-26 23:11:34   Pÿ484ÿ3ÿ1ÿ468ÿ20453484ÿ204197468ÿ468.Down
468.Down

2005-6-26 23:11:34   Pÿ484ÿ3ÿ1ÿ468ÿ20453484ÿ204197468ÿ468.Down
468.Down

2005-6-26 23:11:34   Pÿ484ÿ3ÿ1ÿ468ÿ20453484ÿ204197468ÿ468.Down
468.Down

2005-6-26 23:11:35   Pÿ484ÿ3ÿ1ÿ468ÿ20453484ÿ204197468ÿ468.Down
468.Down

2005-6-26 23:11:35   Pÿ484ÿ3ÿ1ÿ468ÿ20453484ÿ204197468ÿ468.Down
468.Down

2005-6-26 23:11:36   Pÿ484ÿ3ÿ1ÿ468ÿ20453484ÿ204197468ÿ468.Down
468.Down
468.Left

2005-6-26 23:11:36   Pÿ484ÿ3ÿ1ÿ468ÿ20453484ÿ204197468ÿ468.Down
468.Down
468.Left

2005-6-26 23:11:36   Pÿ484ÿ3ÿ1ÿ468ÿ20453484ÿ204197468ÿ468.Down
468.Down

2005-6-26 23:11:37   Pÿ484ÿ3ÿ1ÿ468ÿ20453484ÿ204197468ÿ468.Down
468.Down

2005-6-26 23:11:37   Pÿ484ÿ3ÿ1ÿ468ÿ20453484ÿ204197468ÿ468.Down
468.Stop
468.Down

2005-6-26 23:11:38   Pÿ484ÿ6ÿ1ÿ468ÿ20453484ÿ204197468ÿ468.Down
468.Left
468.Down
468.Left

2005-6-26 23:11:38   Pÿ484ÿ6ÿ1ÿ468ÿ20453484ÿ204197468ÿ468.Down
468.Left
468.Down
468.Left

2005-6-26 23:11:38   Pÿ484ÿ6ÿ1ÿ468ÿ20453484ÿ204197468ÿ468.Down
468.Left
468.Down

2005-6-26 23:11:39   Pÿ484ÿ6ÿ1ÿ468ÿ20453484ÿ204197468ÿ468.Down
468.Left
468.Down

2005-6-26 23:11:39   Pÿ484ÿ6ÿ1ÿ468ÿ20453484ÿ204197468ÿ468.Down
468.Down
468.Down

2005-6-26 23:11:40   Pÿ484ÿ6ÿ1ÿ468ÿ20453484ÿ204197468ÿ468.Down
468.Down
468.Down

2005-6-26 23:11:40   Pÿ484ÿ6ÿ1ÿ468ÿ20453484ÿ204197468ÿ468.Down
468.Down
468.Down
468.Down
468.Down
468.Down

2005-6-26 23:11:40   Pÿ484ÿ6ÿ1ÿ468ÿ20453484ÿ204197468ÿ468.Down
468.Down

2005-6-26 23:11:41   Pÿ484ÿ6ÿ1ÿ468ÿ20453484ÿ204197468ÿ468.Down
468.Down
468.Down
468.Down
468.Down
468.Down
468.Down
468.Down
468.Down

2005-6-26 23:11:41   Pÿ484ÿ6ÿ1ÿ468ÿ20453484ÿ204197468ÿ468.Down
468.Stop
468.Down
468.Down

2005-6-26 23:11:42   Pÿ484ÿ4ÿ4ÿ468ÿ20453484ÿ204197468ÿ468.Down
468.Right
468.Down

2005-6-26 23:11:42   Pÿ484ÿ4ÿ4ÿ468ÿ20453484ÿ204197468ÿ468.Down
468.Right
468.Right
468.Down
468.Right
468.Right
468.Right
468.Right
468.Right
468.Right

2005-6-26 23:11:42   Pÿ484ÿ4ÿ4ÿ468ÿ20453484ÿ204197468ÿ468.Down
468.Right
468.Right
468.Right
468.Right
468.Right
468.Right
468.Down
468.Right
468.Right

2005-6-26 23:11:43   Pÿ484ÿ4ÿ4ÿ468ÿ20453484ÿ204197468ÿ468.Down
468.Down
468.Down

2005-6-26 23:11:43   Pÿ484ÿ4ÿ4ÿ468ÿ20453484ÿ204197468ÿ468.Down
468.Down
468.Down
468.Down
468.Down
468.Down
468.Down
468.Down

2005-6-26 23:11:44   Pÿ484ÿ4ÿ4ÿ468ÿ20453484ÿ204197468ÿ468.Down
468.Down
468.Down

2005-6-26 23:11:44   Pÿ484ÿ4ÿ4ÿ468ÿ20453484ÿ204197468ÿ468.Down
468.Build
468.Stop
468.Down
468.Change

2005-6-26 23:11:44   Pÿ484ÿ4ÿ2ÿ468ÿ20453484ÿ204197468ÿ468.Down
468.Right
468.Down
468.Right

2005-6-26 23:11:45   Pÿ484ÿ4ÿ2ÿ468ÿ20453484ÿ204197468ÿ468.Down
468.Right
468.Down

2005-6-26 23:11:45   Pÿ484ÿ4ÿ2ÿ468ÿ20453484ÿ204197468ÿ468.Down
468.Down

2005-6-26 23:11:46   Pÿ484ÿ4ÿ2ÿ468ÿ20453484ÿ204197468ÿ468.Down
468.Down

2005-6-26 23:11:46   Pÿ484ÿ4ÿ2ÿ468ÿ20453484ÿ204197468ÿ468.Down
468.Down

2005-6-26 23:11:46   Pÿ484ÿ4ÿ2ÿ468ÿ20453484ÿ204197468ÿ468.Down
468.Down

2005-6-26 23:11:47   Pÿ484ÿ4ÿ2ÿ468ÿ20453484ÿ204197468ÿ468.Down
468.Down
468.Right

2005-6-26 23:11:47   Pÿ484ÿ4ÿ2ÿ468ÿ20453484ÿ204197468ÿ468.Down
468.Down

2005-6-26 23:11:48   Pÿ484ÿ4ÿ2ÿ468ÿ20453484ÿ204197468ÿ468.Down
468.Left
468.Down

2005-6-26 23:11:48   Pÿ484ÿ4ÿ2ÿ468ÿ20453484ÿ204197468ÿ468.Down
468.Down

2005-6-26 23:11:48   Pÿ484ÿ4ÿ2ÿ468ÿ20453484ÿ204197468ÿ468.Down
468.Down

2005-6-26 23:11:49   Pÿ484ÿ4ÿ2ÿ468ÿ20453484ÿ204197468ÿ468.Down
468.Down

2005-6-26 23:11:49   Pÿ484ÿ4ÿ2ÿ468ÿ20453484ÿ204197468ÿ468.Down
468.Stop
468.Down

2005-6-26 23:11:50   Pÿ484ÿ0ÿ1ÿ468ÿ20453484ÿ204197468ÿ468.Down
468.Change
468.Down
468.Change

2005-6-26 23:11:50   Pÿ484ÿ0ÿ1ÿ468ÿ20453484ÿ204197468ÿ468.Down
468.Change
468.Down

2005-6-26 23:11:50   Pÿ484ÿ0ÿ1ÿ468ÿ20453484ÿ204197468ÿ468.Down
468.Down
468.Right

2005-6-26 23:11:51   Pÿ484ÿ0ÿ1ÿ468ÿ20453484ÿ204197468ÿ468.Down
468.Right
468.Down

2005-6-26 23:11:51   Pÿ484ÿ0ÿ1ÿ468ÿ20453484ÿ204197468ÿ468.Down
468.Down
468.Down

2005-6-26 23:11:52   Pÿ484ÿ0ÿ1ÿ468ÿ20453484ÿ204197468ÿ468.Down
468.Down
468.Down
468.Down

2005-6-26 23:11:52   Pÿ484ÿ0ÿ1ÿ468ÿ20453484ÿ204197468ÿ468.Down
468.Down
468.Down

2005-6-26 23:11:52   Pÿ484ÿ0ÿ1ÿ468ÿ20453484ÿ204197468ÿ468.Down
468.Down
468.Down

2005-6-26 23:11:53   Pÿ484ÿ0ÿ1ÿ468ÿ20453484ÿ204197468ÿ468.Down
468.Down
468.Down

2005-6-26 23:11:53   Pÿ484ÿ0ÿ1ÿ468ÿ20453484ÿ204197468ÿ468.Down
468.Stop
468.Down
468.Down

2005-6-26 23:11:54   Pÿ484ÿ2ÿ1ÿ468ÿ20453484ÿ204197468ÿ468.Down
468.Down

2005-6-26 23:11:54   Pÿ484ÿ2ÿ1ÿ468ÿ20453484ÿ204197468ÿ468.Down
468.Down
468.Right

2005-6-26 23:11:54   Pÿ484ÿ2ÿ1ÿ468ÿ20453484ÿ204197468ÿ468.Down
468.Down
468.Down

2005-6-26 23:11:55   Pÿ484ÿ2ÿ1ÿ468ÿ20453484ÿ204197468ÿ468.Down
468.Down
468.Down

2005-6-26 23:11:55   Pÿ484ÿ2ÿ1ÿ468ÿ20453484ÿ204197468ÿ468.Down
468.Down
468.Down
468.Down
468.Down
468.Down
468.Down
468.Down
468.Down
468.Down

2005-6-26 23:11:56   Pÿ484ÿ2ÿ1ÿ468ÿ20453484ÿ204197468ÿ468.Down
468.Down
468.Down
468.Down
468.Down
468.Down
468.Down
468.Down

2005-6-26 23:11:56   Pÿ484ÿ2ÿ1ÿ468ÿ20453484ÿ204197468ÿ468.Down
468.Stop
468.Down
468.Change

2005-6-26 23:11:56   Pÿ484ÿ4ÿ1ÿ468ÿ20453484ÿ204197468ÿ468.Down
468.Down
468.Left

2005-6-26 23:11:57   Pÿ484ÿ4ÿ1ÿ468ÿ20453484ÿ204197468ÿ468.Down
468.Left
468.Down
468.Left

2005-6-26 23:11:57   Pÿ484ÿ4ÿ1ÿ468ÿ20453484ÿ204197468ÿ468.Down
468.Left
468.Down
468.Left

2005-6-26 23:11:58   Pÿ484ÿ4ÿ1ÿ468ÿ20453484ÿ204197468ÿ468.Down
468.Down
468.Down

2005-6-26 23:11:58   Pÿ484ÿ4ÿ1ÿ468ÿ20453484ÿ204197468ÿ468.Down
468.Down

2005-6-26 23:11:58   Pÿ484ÿ4ÿ1ÿ468ÿ20453484ÿ204197468ÿ468.Down
468.Down
468.Down
468.Down
468.Down
468.Down
468.Down
468.Down
468.Down
468.Down
468.Down
468.Down
468.Down

2005-6-26 23:11:59   Pÿ484ÿ4ÿ1ÿ468ÿ20453484ÿ204197468ÿ468.Down
468.Build
468.Stop
468.Down
468.Down
468.Down
468.Down
468.Down
468.Down

2005-6-26 23:11:59   Pÿ484ÿ4ÿ3ÿ468ÿ20453484ÿ204197468ÿ468.Down
468.Down

2005-6-26 23:12:00   Pÿ484ÿ4ÿ3ÿ468ÿ20453484ÿ204197468ÿ468.Down
468.Down

2005-6-26 23:12:00   Pÿ484ÿ4ÿ3ÿ468ÿ20453484ÿ204197468ÿ468.Down
468.Down

2005-6-26 23:12:00   Pÿ484ÿ4ÿ3ÿ468ÿ20453484ÿ204197468ÿ468.Down
468.Down

2005-6-26 23:12:01   Pÿ484ÿ4ÿ3ÿ468ÿ20453484ÿ204197468ÿ468.Down
468.Down

2005-6-26 23:12:01   Jÿ468ÿXÄãÿ204197468ÿ484ÿ?ÿ?ÿ?
2005-6-26 23:12:04   Cÿ484ÿXÎÒÿ1ÿ20453484ÿgodfatherÿ127.0.0.1ÿ?
2005-6-26 23:12:08   Cÿ468ÿXÄãÿ0ÿ204197468ÿgodfatherÿ127.0.0.1ÿ?
2005-6-26 23:12:33   Lÿ?ÿ204197468ÿ?ÿgodfatherÿ127.0.0.1ÿ?ÿ?
2005-6-26 23:12:36   Lÿ?ÿ204197468ÿ1ÿgodfatherÿ127.0.0.1ÿ?ÿ?
2005-6-26 23:12:38   Bÿ?ÿ204197468ÿ?ÿ?ÿ?ÿ?ÿ?
2005-6-26 23:12:45   Lÿ?ÿ20453484ÿ1ÿgodfatherÿ127.0.0.1ÿ?ÿ?
2005-6-26 23:12:47   Bÿ?ÿ20453484ÿ?ÿ?ÿ?ÿ?ÿ?
2005-6-26 23:12:51   Uÿ500ÿ480ÿ204197468ÿ?ÿ?ÿ?ÿ?
2005-6-26 23:12:51   Iÿ480ÿXÎÒÿ500ÿ20453484ÿ204197468ÿ?ÿ?
2005-6-26 23:12:53   Uÿ480ÿ500ÿ20453484ÿ?ÿ?ÿ?ÿ?
2005-6-26 23:12:53   Vÿ480ÿXÄãÿ204197468ÿ500ÿ20453484ÿ0ÿ?
2005-6-26 23:12:53   Uÿ500ÿ480ÿ204197468ÿ?ÿ?ÿ?ÿ?
2005-6-26 23:12:55   Pÿ500ÿ2ÿ1ÿ480ÿ20453484ÿ204197468ÿ480.Start
480.Down
480.Down

2005-6-26 23:12:55   Pÿ500ÿ4ÿ4ÿ480ÿ20453484ÿ204197468ÿ480.Down
480.Down

2005-6-26 23:12:56   Pÿ500ÿ4ÿ4ÿ480ÿ20453484ÿ204197468ÿ480.Down
480.Down
480.Down

2005-6-26 23:12:56   Pÿ500ÿ4ÿ4ÿ480ÿ20453484ÿ204197468ÿ480.Change
480.Down
480.Down

2005-6-26 23:12:57   Pÿ500ÿ4ÿ4ÿ480ÿ20453484ÿ204197468ÿ480.Down
480.Right
480.Down
480.Down
480.Right

2005-6-26 23:12:57   Pÿ500ÿ4ÿ4ÿ480ÿ20453484ÿ204197468ÿ480.Down
480.Down
480.Change

2005-6-26 23:12:58   Pÿ500ÿ4ÿ4ÿ480ÿ20453484ÿ204197468ÿ480.Down
480.Down
480.Right
480.Down

2005-6-26 23:12:58   Pÿ500ÿ4ÿ4ÿ480ÿ20453484ÿ204197468ÿ480.Right
480.Down
480.Right
480.Down
480.Right

2005-6-26 23:12:59   Pÿ500ÿ4ÿ4ÿ480ÿ20453484ÿ204197468ÿ480.Down
480.Right
480.Down
480.Down
480.Down

2005-6-26 23:12:59   Pÿ500ÿ4ÿ4ÿ480ÿ20453484ÿ204197468ÿ480.Down
480.Down
480.Down
480.Down
480.Down

2005-6-26 23:13:00   Pÿ500ÿ4ÿ4ÿ480ÿ20453484ÿ204197468ÿ480.Down
480.Stop
480.Down
480.Down
480.Down
480.Down
480.Down
480.Down
480.Down
480.Down
480.Down
480.Change

2005-6-26 23:13:00   Pÿ500ÿ4ÿ1ÿ480ÿ20453484ÿ204197468ÿ480.Down
480.Change
480.Down

2005-6-26 23:13:01   Pÿ500ÿ4ÿ1ÿ480ÿ20453484ÿ204197468ÿ480.Down
480.Down
480.Right
480.Down

2005-6-26 23:13:01   Pÿ500ÿ4ÿ1ÿ480ÿ20453484ÿ204197468ÿ480.Right
480.Down
480.Down
480.Right

2005-6-26 23:13:02   Pÿ500ÿ4ÿ1ÿ480ÿ20453484ÿ204197468ÿ480.Down
480.Down
480.Down
480.Down

2005-6-26 23:13:02   Pÿ500ÿ4ÿ1ÿ480ÿ20453484ÿ204197468ÿ480.Down
480.Down
480.Down
480.Down

2005-6-26 23:13:03   Pÿ500ÿ4ÿ1ÿ480ÿ20453484ÿ204197468ÿ480.Down
480.Down
480.Down

2005-6-26 23:13:03   Pÿ500ÿ4ÿ1ÿ480ÿ20453484ÿ204197468ÿ480.Stop
480.Down
480.Right
480.Down

2005-6-26 23:13:04   Pÿ500ÿ4ÿ1ÿ480ÿ20453484ÿ204197468ÿ480.Down
480.Change
480.Down
480.Left
480.Down

2005-6-26 23:13:04   Pÿ500ÿ4ÿ1ÿ480ÿ20453484ÿ204197468ÿ480.Left
480.Down
480.Down
480.Down

2005-6-26 23:13:05   Pÿ500ÿ4ÿ1ÿ480ÿ20453484ÿ204197468ÿ480.Down
480.Down
480.Down
480.Down
480.Down

2005-6-26 23:13:05   Pÿ500ÿ4ÿ1ÿ480ÿ20453484ÿ204197468ÿ480.Down
480.Down
480.Down
480.Down

2005-6-26 23:13:06   Pÿ500ÿ4ÿ1ÿ480ÿ20453484ÿ204197468ÿ480.Down
480.Down
480.Down
480.Down

2005-6-26 23:13:06   Pÿ500ÿ4ÿ1ÿ480ÿ20453484ÿ204197468ÿ480.Down
480.Down
480.Right

2005-6-26 23:13:07   Pÿ500ÿ4ÿ1ÿ480ÿ20453484ÿ204197468ÿ480.Down
480.Down
480.Down

2005-6-26 23:13:07   Pÿ500ÿ4ÿ1ÿ480ÿ20453484ÿ204197468ÿ480.Down
480.Right
480.Down
480.Right

2005-6-26 23:13:08   Pÿ500ÿ4ÿ1ÿ480ÿ20453484ÿ204197468ÿ480.Down
480.Stop
480.Right
480.Down
480.Down

2005-6-26 23:13:08   Pÿ500ÿ0ÿ1ÿ480ÿ20453484ÿ204197468ÿ480.Change
480.Down
480.Down
480.Left

2005-6-26 23:13:09   Pÿ500ÿ0ÿ1ÿ480ÿ20453484ÿ204197468ÿ480.Down
480.Down
480.Left
480.Left
480.Down
480.Left
480.Left
480.Left

2005-6-26 23:13:09   Pÿ500ÿ0ÿ1ÿ480ÿ20453484ÿ204197468ÿ480.Left
480.Left
480.Left
480.Down
480.Left
480.Left
480.Left
480.Left
480.Left
480.Down
480.Down

2005-6-26 23:13:10   Pÿ500ÿ0ÿ1ÿ480ÿ20453484ÿ204197468ÿ480.Down
480.Down
480.Down
480.Down

2005-6-26 23:13:10   Pÿ500ÿ0ÿ1ÿ480ÿ20453484ÿ204197468ÿ480.Down
480.Down
480.Down
480.Down
480.Down
480.Down

2005-6-26 23:13:11   Pÿ500ÿ0ÿ1ÿ480ÿ20453484ÿ204197468ÿ480.Down
480.Down
480.Down
480.Down
480.Down
480.Down
480.Down
480.Down
480.Down
480.Down
480.Down
480.Down
480.Down
480.Down
480.Down
480.Down
480.Down
480.Down

2005-6-26 23:13:11   Pÿ500ÿ0ÿ1ÿ480ÿ20453484ÿ204197468ÿ480.Down
480.Stop
480.Down
480.Down
480.Down
480.Down
480.Down
480.Down
480.Down

2005-6-26 23:13:12   Pÿ500ÿ0ÿ1ÿ480ÿ20453484ÿ204197468ÿ480.Down
480.Left
480.Down
480.Left
480.Down
480.Left

2005-6-26 23:13:12   Pÿ500ÿ0ÿ1ÿ480ÿ20453484ÿ204197468ÿ480.Down
480.Down

2005-6-26 23:13:13   Pÿ500ÿ0ÿ1ÿ480ÿ20453484ÿ204197468ÿ480.Down
480.Down
480.Down
480.Down
480.Down
480.Down

2005-6-26 23:13:13   Pÿ500ÿ0ÿ1ÿ480ÿ20453484ÿ204197468ÿ480.Stop
480.Down
480.Down

2005-6-26 23:13:14   Pÿ500ÿ6ÿ1ÿ480ÿ20453484ÿ204197468ÿ480.Down
480.Down
480.Down
480.Down

2005-6-26 23:13:14   Pÿ500ÿ6ÿ1ÿ480ÿ20453484ÿ204197468ÿ480.Down
480.Down
480.Down
480.Down
480.Right

2005-6-26 23:13:15   Pÿ500ÿ6ÿ1ÿ480ÿ20453484ÿ204197468ÿ480.Down
480.Down
480.Left
480.Down

2005-6-26 23:13:15   Pÿ500ÿ6ÿ1ÿ480ÿ20453484ÿ204197468ÿ480.Down
480.Down
480.Down

2005-6-26 23:13:16   Pÿ500ÿ6ÿ1ÿ480ÿ20453484ÿ204197468ÿ480.Down
480.Down
480.Down
480.Down
480.Down
480.Down
480.Down
480.Down
480.Down
480.Down

2005-6-26 23:13:16   Pÿ500ÿ6ÿ1ÿ480ÿ20453484ÿ204197468ÿ480.Stop
480.Down
480.Down
480.Down
480.Down
480.Down
480.Down
480.Down
480.Down
480.Down
480.Down
480.Change

2005-6-26 23:13:17   Pÿ500ÿ1ÿ1ÿ480ÿ20453484ÿ204197468ÿ480.Down
480.Down
480.Right
480.Down
480.Right

2005-6-26 23:13:17   Pÿ500ÿ1ÿ1ÿ480ÿ20453484ÿ204197468ÿ480.Down
480.Right
480.Down
480.Right

2005-6-26 23:13:18   Pÿ500ÿ1ÿ1ÿ480ÿ20453484ÿ204197468ÿ480.Down
480.Down
480.Down
480.Down

2005-6-26 23:13:18   Pÿ500ÿ1ÿ1ÿ480ÿ20453484ÿ204197468ÿ480.Down
480.Down
480.Down
480.Down
480.Down
480.Down

2005-6-26 23:13:19   Pÿ500ÿ1ÿ1ÿ480ÿ20453484ÿ204197468ÿ480.Down
480.Down
480.Down
480.Down
480.Down
480.Down
480.Down
480.Down
480.Down

2005-6-26 23:13:19   Pÿ500ÿ1ÿ1ÿ480ÿ20453484ÿ204197468ÿ480.Stop
480.Down
480.Right
480.Down

2005-6-26 23:13:20   Pÿ500ÿ3ÿ4ÿ480ÿ20453484ÿ204197468ÿ480.Down
480.Down
480.Right
480.Right
480.Right
480.Right
480.Right
480.Right
480.Down
480.Right
480.Right
480.Right

2005-6-26 23:13:20   Pÿ500ÿ3ÿ4ÿ480ÿ20453484ÿ204197468ÿ480.Right
480.Right
480.Right
480.Down
480.Right
480.Right
480.Right
480.Right
480.Right
480.Right
480.Down
480.Down

2005-6-26 23:13:21   Pÿ500ÿ3ÿ4ÿ480ÿ20453484ÿ204197468ÿ480.Down
480.Down
480.Down
480.Down
480.Down
480.Down
480.Down
480.Down
480.Down

2005-6-26 23:13:21   Pÿ500ÿ3ÿ4ÿ480ÿ20453484ÿ204197468ÿ480.Stop
480.Down
480.Down
480.Down
480.Down
480.Down
480.Down
480.Down
480.Down
480.Change

2005-6-26 23:13:22   Pÿ500ÿ2ÿ2ÿ480ÿ20453484ÿ204197468ÿ480.Down
480.Down
480.Left
480.Down

2005-6-26 23:13:22   Pÿ500ÿ2ÿ2ÿ480ÿ20453484ÿ204197468ÿ480.Left
480.Down
480.Left
480.Down
480.Left

2005-6-26 23:13:23   Pÿ500ÿ2ÿ2ÿ480ÿ20453484ÿ204197468ÿ480.Down
480.Left
480.Down
480.Down

2005-6-26 23:13:23   Pÿ500ÿ2ÿ2ÿ480ÿ20453484ÿ204197468ÿ480.Down
480.Down
480.Down

2005-6-26 23:13:24   Pÿ500ÿ2ÿ2ÿ480ÿ20453484ÿ204197468ÿ480.Down
480.Down
480.Down
480.Down
480.Down
480.Down
480.Down
480.Down

2005-6-26 23:13:24   Pÿ500ÿ2ÿ2ÿ480ÿ20453484ÿ204197468ÿ480.Build
480.Stop
480.Down
480.Down
480.Down

2005-6-26 23:13:25   Pÿ500ÿ4ÿ4ÿ480ÿ20453484ÿ204197468ÿ480.Down
480.Down
480.Down

2005-6-26 23:13:25   Pÿ500ÿ4ÿ4ÿ480ÿ20453484ÿ204197468ÿ480.Down
480.Down

2005-6-26 23:13:26   Pÿ500ÿ4ÿ4ÿ480ÿ20453484ÿ204197468ÿ480.Down
480.Down
480.Down

2005-6-26 23:13:26   Pÿ500ÿ4ÿ4ÿ480ÿ20453484ÿ204197468ÿ480.Down
480.Down

2005-6-26 23:13:27   Pÿ500ÿ4ÿ4ÿ480ÿ20453484ÿ204197468ÿ480.Down
480.Down
480.Down

2005-6-26 23:13:27   Pÿ500ÿ4ÿ4ÿ480ÿ20453484ÿ204197468ÿ480.Down
480.Down

2005-6-26 23:13:28   Pÿ500ÿ4ÿ4ÿ480ÿ20453484ÿ204197468ÿ480.Down
480.Down
480.Down

2005-6-26 23:13:28   Pÿ500ÿ4ÿ4ÿ480ÿ20453484ÿ204197468ÿ480.Down
480.Down

2005-6-26 23:13:29   Pÿ500ÿ4ÿ4ÿ480ÿ20453484ÿ204197468ÿ480.Down
480.Down
480.Down

2005-6-26 23:13:29   Pÿ500ÿ4ÿ4ÿ480ÿ20453484ÿ204197468ÿ480.Stop
480.Down
480.Down

2005-6-26 23:13:30   Pÿ500ÿ5ÿ4ÿ480ÿ20453484ÿ204197468ÿ480.Down
480.Down
480.Down

2005-6-26 23:13:30   Jÿ480ÿXÄãÿ204197468ÿ500ÿ?ÿ?ÿ?
2005-6-26 23:13:37   Cÿ500ÿXÎÒÿ1ÿ20453484ÿgodfatherÿ127.0.0.1ÿ?
2005-6-26 23:13:40   Cÿ480ÿXÄãÿ0ÿ204197468ÿgodfatherÿ127.0.0.1ÿ?
2005-6-26 23:13:54   Lÿ?ÿ204197468ÿ1ÿgodfatherÿ127.0.0.1ÿ?ÿ?
2005-6-26 23:13:56   Bÿ?ÿ204197468ÿ?ÿ?ÿ?ÿ?ÿ?
2005-6-26 23:14:01   Lÿ?ÿ20453484ÿ1ÿgodfatherÿ127.0.0.1ÿ?ÿ?
2005-6-26 23:14:03   Bÿ?ÿ20453484ÿ?ÿ?ÿ?ÿ?ÿ?
2005-6-26 23:14:05   Uÿ496ÿ472ÿ204197468ÿ?ÿ?ÿ?ÿ?
2005-6-26 23:14:06   Iÿ472ÿXÎÒÿ496ÿ20453484ÿ204197468ÿ?ÿ?
2005-6-26 23:14:07   Uÿ472ÿ496ÿ20453484ÿ?ÿ?ÿ?ÿ?
2005-6-26 23:14:08   Vÿ472ÿXÄãÿ204197468ÿ496ÿ20453484ÿ0ÿ?
2005-6-26 23:14:08   Uÿ496ÿ472ÿ204197468ÿ?ÿ?ÿ?ÿ?
2005-6-26 23:14:09   Pÿ496ÿ1ÿ2ÿ472ÿ20453484ÿ204197468ÿ472.Start
472.Down

2005-6-26 23:14:09   Pÿ496ÿ5ÿ3ÿ472ÿ20453484ÿ204197468ÿ472.Down

2005-6-26 23:14:10   Pÿ496ÿ5ÿ3ÿ472ÿ20453484ÿ204197468ÿ472.Down
472.Down

2005-6-26 23:14:10   Pÿ496ÿ5ÿ3ÿ472ÿ20453484ÿ204197468ÿ472.Down

2005-6-26 23:14:10   Pÿ496ÿ5ÿ3ÿ472ÿ20453484ÿ204197468ÿ472.Down
472.Down

2005-6-26 23:14:10   Pÿ496ÿ5ÿ3ÿ472ÿ20453484ÿ204197468ÿ472.Down
472.Right

2005-6-26 23:14:11   Pÿ496ÿ5ÿ3ÿ472ÿ20453484ÿ204197468ÿ472.Down
472.Right
472.Down

2005-6-26 23:14:11   Pÿ496ÿ5ÿ3ÿ472ÿ20453484ÿ204197468ÿ472.Right
472.Down

2005-6-26 23:14:11   Pÿ496ÿ5ÿ3ÿ472ÿ20453484ÿ204197468ÿ472.Down
472.Down

2005-6-26 23:14:12   Pÿ496ÿ5ÿ3ÿ472ÿ20453484ÿ204197468ÿ472.Right
472.Down

2005-6-26 23:14:12   Pÿ496ÿ5ÿ3ÿ472ÿ20453484ÿ204197468ÿ472.Down
472.Down
472.Down

2005-6-26 23:14:12   Pÿ496ÿ5ÿ3ÿ472ÿ20453484ÿ204197468ÿ472.Down

2005-6-26 23:14:13   Pÿ496ÿ5ÿ3ÿ472ÿ20453484ÿ204197468ÿ472.Down
472.Down
472.Down
472.Down
472.Down
472.Down

2005-6-26 23:14:13   Pÿ496ÿ5ÿ3ÿ472ÿ20453484ÿ204197468ÿ472.Down
472.Down
472.Down
472.Down
472.Down
472.Down
472.Down
472.Down
472.Down
472.Down

2005-6-26 23:14:13   Pÿ496ÿ5ÿ3ÿ472ÿ20453484ÿ204197468ÿ472.Down
472.Stop
472.Down
472.Down
472.Down

2005-6-26 23:14:13   Pÿ496ÿ5ÿ2ÿ472ÿ20453484ÿ204197468ÿ472.Change
472.Down
472.Change

2005-6-26 23:14:14   Pÿ496ÿ5ÿ2ÿ472ÿ20453484ÿ204197468ÿ472.Down
472.Down

2005-6-26 23:14:14   Pÿ496ÿ5ÿ2ÿ472ÿ20453484ÿ204197468ÿ472.Down
472.Right

2005-6-26 23:14:14   Pÿ496ÿ5ÿ2ÿ472ÿ20453484ÿ204197468ÿ472.Down
472.Down

2005-6-26 23:14:15   Pÿ496ÿ5ÿ2ÿ472ÿ20453484ÿ204197468ÿ472.Down
472.Right

2005-6-26 23:14:15   Pÿ496ÿ5ÿ2ÿ472ÿ20453484ÿ204197468ÿ472.Down
472.Down

2005-6-26 23:14:15   Pÿ496ÿ5ÿ2ÿ472ÿ20453484ÿ204197468ÿ472.Down
472.Down

2005-6-26 23:14:16   Pÿ496ÿ5ÿ2ÿ472ÿ20453484ÿ204197468ÿ472.Down
472.Down
472.Down
472.Down
472.Down

2005-6-26 23:14:16   Pÿ496ÿ5ÿ2ÿ472ÿ20453484ÿ204197468ÿ472.Down
472.Down
472.Down
472.Down
472.Down
472.Down
472.Down
472.Down
472.Down
472.Down

2005-6-26 23:14:16   Pÿ496ÿ5ÿ2ÿ472ÿ20453484ÿ204197468ÿ472.Down
472.Stop
472.Down
472.Down

2005-6-26 23:14:16   Pÿ496ÿ0ÿ1ÿ472ÿ20453484ÿ204197468ÿ472.Change
472.Down
472.Change

2005-6-26 23:14:17   Pÿ496ÿ0ÿ1ÿ472ÿ20453484ÿ204197468ÿ472.Down
472.Change
472.Down

2005-6-26 23:14:17   Pÿ496ÿ0ÿ1ÿ472ÿ20453484ÿ204197468ÿ472.Down

2005-6-26 23:14:17   Pÿ496ÿ0ÿ1ÿ472ÿ20453484ÿ204197468ÿ472.Down
472.Left
472.Down

2005-6-26 23:14:18   Pÿ496ÿ0ÿ1ÿ472ÿ20453484ÿ204197468ÿ472.Down

2005-6-26 23:14:18   Pÿ496ÿ0ÿ1ÿ472ÿ20453484ÿ204197468ÿ472.Down
472.Down
472.Down

2005-6-26 23:14:18   Pÿ496ÿ0ÿ1ÿ472ÿ20453484ÿ204197468ÿ472.Down
472.Down
472.Down
472.Down

2005-6-26 23:14:19   Pÿ496ÿ0ÿ1ÿ472ÿ20453484ÿ204197468ÿ472.Down
472.Down
472.Down
472.Down
472.Down
472.Down
472.Down
472.Down
472.Down
472.Down
472.Down

2005-6-26 23:14:19   Pÿ496ÿ0ÿ1ÿ472ÿ20453484ÿ204197468ÿ472.Stop
472.Down
472.Down
472.Down
472.Left

2005-6-26 23:14:19   Pÿ496ÿ6ÿ1ÿ472ÿ20453484ÿ204197468ÿ472.Down
472.Down

2005-6-26 23:14:19   Pÿ496ÿ6ÿ1ÿ472ÿ20453484ÿ204197468ÿ472.Down
472.Left
472.Left
472.Left
472.Left
472.Left
472.Left

2005-6-26 23:14:20   Pÿ496ÿ6ÿ1ÿ472ÿ20453484ÿ204197468ÿ472.Down
472.Left
472.Left
472.Left
472.Left
472.Left
472.Left
472.Down
472.Down

2005-6-26 23:14:20   Pÿ496ÿ6ÿ1ÿ472ÿ20453484ÿ204197468ÿ472.Down

2005-6-26 23:14:20   Pÿ496ÿ6ÿ1ÿ472ÿ20453484ÿ204197468ÿ472.Down
472.Down
472.Down
472.Down
472.Down
472.Down
472.Down
472.Down

2005-6-26 23:14:21   Pÿ496ÿ6ÿ1ÿ472ÿ20453484ÿ204197468ÿ472.Down
472.Down
472.Down
472.Down
472.Down
472.Down
472.Down

2005-6-26 23:14:21   Pÿ496ÿ6ÿ1ÿ472ÿ20453484ÿ204197468ÿ472.Down
472.Stop
472.Down

2005-6-26 23:14:21   Pÿ496ÿ6ÿ2ÿ472ÿ20453484ÿ204197468ÿ472.Change
472.Down
472.Left

2005-6-26 23:14:22   Pÿ496ÿ6ÿ2ÿ472ÿ20453484ÿ204197468ÿ472.Down
472.Left
472.Down

2005-6-26 23:14:22   Pÿ496ÿ6ÿ2ÿ472ÿ20453484ÿ204197468ÿ472.Left
472.Down

2005-6-26 23:14:22   Pÿ496ÿ6ÿ2ÿ472ÿ20453484ÿ204197468ÿ472.Down
472.Down

2005-6-26 23:14:22   Pÿ496ÿ6ÿ2ÿ472ÿ20453484ÿ204197468ÿ472.Down

2005-6-26 23:14:23   Pÿ496ÿ6ÿ2ÿ472ÿ20453484ÿ204197468ÿ472.Down
472.Down

2005-6-26 23:14:23   Pÿ496ÿ6ÿ2ÿ472ÿ20453484ÿ204197468ÿ472.Down

2005-6-26 23:14:23   Pÿ496ÿ6ÿ2ÿ472ÿ20453484ÿ204197468ÿ472.Down
472.Down

2005-6-26 23:14:24   Pÿ496ÿ6ÿ2ÿ472ÿ20453484ÿ204197468ÿ472.Down

2005-6-26 23:14:24   Pÿ496ÿ6ÿ2ÿ472ÿ20453484ÿ204197468ÿ472.Down
472.Down

2005-6-26 23:14:24   Pÿ496ÿ6ÿ2ÿ472ÿ20453484ÿ204197468ÿ472.Down

2005-6-26 23:14:25   Pÿ496ÿ6ÿ2ÿ472ÿ20453484ÿ204197468ÿ472.Down
472.Down

2005-6-26 23:14:25   Jÿ472ÿXÄãÿ204197468ÿ496ÿ?ÿ?ÿ?
2005-6-26 23:14:26   Cÿ472ÿXÄãÿ0ÿ204197468ÿgodfatherÿ127.0.0.1ÿ?
2005-6-26 23:14:28   Cÿ496ÿXÎÒÿ1ÿ20453484ÿgodfatherÿ127.0.0.1ÿ?
2005-6-26 23:14:42   Lÿ?ÿ204197468ÿ1ÿgodfatherÿ127.0.0.1ÿ?ÿ?
2005-6-26 23:14:44   Bÿ?ÿ204197468ÿ?ÿ?ÿ?ÿ?ÿ?
2005-6-26 23:14:49   Lÿ?ÿ20453484ÿ1ÿgodfatherÿ127.0.0.1ÿ?ÿ?
2005-6-26 23:14:52   Bÿ?ÿ20453484ÿ?ÿ?ÿ?ÿ?ÿ?
2005-6-26 23:14:54   Uÿ468ÿ484ÿ204197468ÿ?ÿ?ÿ?ÿ?
2005-6-26 23:14:55   Iÿ484ÿXÎÒÿ468ÿ20453484ÿ204197468ÿ?ÿ?
2005-6-26 23:14:56   Uÿ484ÿ468ÿ20453484ÿ?ÿ?ÿ?ÿ?
2005-6-26 23:14:56   Vÿ484ÿXÄãÿ204197468ÿ468ÿ20453484ÿ0ÿ?
2005-6-26 23:14:56   Uÿ468ÿ484ÿ204197468ÿ?ÿ?ÿ?ÿ?
2005-6-26 23:14:57   Pÿ468ÿ2ÿ1ÿ484ÿ20453484ÿ204197468ÿ484.Start
484.Down

2005-6-26 23:14:58   Pÿ468ÿ3ÿ4ÿ484ÿ20453484ÿ204197468ÿ484.Down
484.Down

2005-6-26 23:14:58   Pÿ468ÿ3ÿ4ÿ484ÿ20453484ÿ204197468ÿ484.Down
484.Down

2005-6-26 23:14:58   Pÿ468ÿ3ÿ4ÿ484ÿ20453484ÿ204197468ÿ484.Down

2005-6-26 23:14:59   Pÿ468ÿ3ÿ4ÿ484ÿ20453484ÿ204197468ÿ484.Down
484.Down
484.Right

2005-6-26 23:14:59   Pÿ468ÿ3ÿ4ÿ484ÿ20453484ÿ204197468ÿ484.Down
484.Down
484.Right

2005-6-26 23:14:59   Pÿ468ÿ3ÿ4ÿ484ÿ20453484ÿ204197468ÿ484.Right
484.Down
484.Down

2005-6-26 23:15:00   Pÿ468ÿ3ÿ4ÿ484ÿ20453484ÿ204197468ÿ484.Right
484.Down
484.Right

2005-6-26 23:15:00   Pÿ468ÿ3ÿ4ÿ484ÿ20453484ÿ204197468ÿ484.Down
484.Right
484.Down
484.Right

2005-6-26 23:15:00   Pÿ468ÿ3ÿ4ÿ484ÿ20453484ÿ204197468ÿ484.Down
484.Down
484.Down

2005-6-26 23:15:01   Pÿ468ÿ3ÿ4ÿ484ÿ20453484ÿ204197468ÿ484.Down
484.Down
484.Down
484.Down

2005-6-26 23:15:01   Pÿ468ÿ3ÿ4ÿ484ÿ20453484ÿ204197468ÿ484.Down
484.Down
484.Down
484.Down
484.Down
484.Down
484.Down
484.Down
484.Down
484.Down
484.Down
484.Down

2005-6-26 23:15:01   Pÿ468ÿ3ÿ4ÿ484ÿ20453484ÿ204197468ÿ484.Down
484.Stop
484.Down
484.Down
484.Down
484.Down
484.Down
484.Down
484.Down
484.Down

2005-6-26 23:15:02   Pÿ468ÿ3ÿ3ÿ484ÿ20453484ÿ204197468ÿ484.Down
484.Change
484.Down
484.Right

2005-6-26 23:15:02   Pÿ468ÿ3ÿ3ÿ484ÿ20453484ÿ204197468ÿ484.Down
484.Right
484.Down

2005-6-26 23:15:02   Pÿ468ÿ3ÿ3ÿ484ÿ20453484ÿ204197468ÿ484.Right
484.Down
484.Right

2005-6-26 23:15:03   Pÿ468ÿ3ÿ3ÿ484ÿ20453484ÿ204197468ÿ484.Down
484.Down
484.Down

2005-6-26 23:15:03   Pÿ468ÿ3ÿ3ÿ484ÿ20453484ÿ204197468ÿ484.Down
484.Left
484.Down

2005-6-26 23:15:04   Pÿ468ÿ3ÿ3ÿ484ÿ20453484ÿ204197468ÿ484.Down
484.Down
484.Right

2005-6-26 23:15:04   Pÿ468ÿ3ÿ3ÿ484ÿ20453484ÿ204197468ÿ484.Stop
484.Down
484.Right

2005-6-26 23:15:04   Pÿ468ÿ3ÿ3ÿ484ÿ20453484ÿ204197468ÿ484.Down
484.Down
484.Change

2005-6-26 23:15:05   Pÿ468ÿ3ÿ3ÿ484ÿ20453484ÿ204197468ÿ484.Down
484.Down
484.Change

2005-6-26 23:15:05   Pÿ468ÿ3ÿ3ÿ484ÿ20453484ÿ204197468ÿ484.Down
484.Down

2005-6-26 23:15:05   Pÿ468ÿ3ÿ3ÿ484ÿ20453484ÿ204197468ÿ484.Left
484.Down

2005-6-26 23:15:06   Pÿ468ÿ3ÿ3ÿ484ÿ20453484ÿ204197468ÿ484.Down
484.Down

2005-6-26 23:15:06   Pÿ468ÿ3ÿ3ÿ484ÿ20453484ÿ204197468ÿ484.Down
484.Down
484.Down

2005-6-26 23:15:06   Pÿ468ÿ3ÿ3ÿ484ÿ20453484ÿ204197468ÿ484.Down
484.Down
484.Down

2005-6-26 23:15:07   Pÿ468ÿ3ÿ3ÿ484ÿ20453484ÿ204197468ÿ484.Down

2005-6-26 23:15:07   Pÿ468ÿ3ÿ3ÿ484ÿ20453484ÿ204197468ÿ484.Down
484.Down

2005-6-26 23:15:07   Pÿ468ÿ3ÿ3ÿ484ÿ20453484ÿ204197468ÿ484.Down
484.Down

2005-6-26 23:15:08   Pÿ468ÿ3ÿ3ÿ484ÿ20453484ÿ204197468ÿ484.Down
484.Down

2005-6-26 23:15:08   Pÿ468ÿ3ÿ3ÿ484ÿ20453484ÿ204197468ÿ484.Down
484.Right

2005-6-26 23:15:08   Pÿ468ÿ3ÿ3ÿ484ÿ20453484ÿ204197468ÿ484.Down
484.Down

2005-6-26 23:15:09   Pÿ468ÿ3ÿ3ÿ484ÿ20453484ÿ204197468ÿ484.Down
484.Down

2005-6-26 23:15:09   Pÿ468ÿ3ÿ3ÿ484ÿ20453484ÿ204197468ÿ484.Stop
484.Down
484.Down

2005-6-26 23:15:09   Pÿ468ÿ3ÿ1ÿ484ÿ20453484ÿ204197468ÿ484.Down

2005-6-26 23:15:10   Pÿ468ÿ3ÿ1ÿ484ÿ20453484ÿ204197468ÿ484.Down
484.Down

2005-6-26 23:15:10   Pÿ468ÿ3ÿ1ÿ484ÿ20453484ÿ204197468ÿ484.Down
484.Down

2005-6-26 23:15:11   Pÿ468ÿ3ÿ1ÿ484ÿ20453484ÿ204197468ÿ484.Down
484.Down

2005-6-26 23:15:11   Pÿ468ÿ3ÿ1ÿ484ÿ20453484ÿ204197468ÿ484.Down

2005-6-26 23:15:11   Jÿ484ÿXÄãÿ204197468ÿ468ÿ?ÿ?ÿ?
2005-6-26 23:15:15   Cÿ468ÿXÎÒÿ1ÿ20453484ÿgodfatherÿ127.0.0.1ÿ?
2005-6-26 23:15:17   Cÿ484ÿXÄãÿ0ÿ204197468ÿgodfatherÿ127.0.0.1ÿ?
2005-6-26 23:15:35   Lÿ?ÿ204197468ÿ1ÿgodfatherÿ127.0.0.1ÿ?ÿ?
2005-6-26 23:15:37   Bÿ?ÿ204197468ÿ?ÿ?ÿ?ÿ?ÿ?
2005-6-26 23:15:42   Lÿ?ÿ20453484ÿ1ÿgodfatherÿ127.0.0.1ÿ?ÿ?
2005-6-26 23:15:44   Bÿ?ÿ20453484ÿ?ÿ?ÿ?ÿ?ÿ?
2005-6-26 23:15:47   Uÿ480ÿ500ÿ204197468ÿ?ÿ?ÿ?ÿ?
2005-6-26 23:15:47   Iÿ500ÿXÎÒÿ480ÿ20453484ÿ204197468ÿ?ÿ?
2005-6-26 23:15:49   Uÿ500ÿ480ÿ20453484ÿ?ÿ?ÿ?ÿ?
2005-6-26 23:15:49   Vÿ500ÿXÄãÿ204197468ÿ480ÿ20453484ÿ0ÿ?
2005-6-26 23:15:49   Uÿ480ÿ500ÿ204197468ÿ?ÿ?ÿ?ÿ?
2005-6-26 23:15:51   Pÿ480ÿ5ÿ4ÿ500ÿ20453484ÿ204197468ÿ500.Start
500.Down

2005-6-26 23:15:51   Pÿ480ÿ6ÿ1ÿ500ÿ20453484ÿ204197468ÿ500.Down
500.Down

2005-6-26 23:15:51   Pÿ480ÿ6ÿ1ÿ500ÿ20453484ÿ204197468ÿ500.Down
500.Down

2005-6-26 23:15:52   Pÿ480ÿ6ÿ1ÿ500ÿ20453484ÿ204197468ÿ500.Down
500.Down
500.Change

2005-6-26 23:15:52   Pÿ480ÿ6ÿ1ÿ500ÿ20453484ÿ204197468ÿ500.Down
500.Down

2005-6-26 23:15:53   Pÿ480ÿ6ÿ1ÿ500ÿ20453484ÿ204197468ÿ500.Down
500.Down
500.Right

2005-6-26 23:15:53   Pÿ480ÿ6ÿ1ÿ500ÿ20453484ÿ204197468ÿ500.Down
500.Right
500.Down
500.Right

2005-6-26 23:15:53   Pÿ480ÿ6ÿ1ÿ500ÿ20453484ÿ204197468ÿ500.Down
500.Down
500.Right
500.Right

2005-6-26 23:15:54   Pÿ480ÿ6ÿ1ÿ500ÿ20453484ÿ204197468ÿ500.Down
500.Right
500.Right
500.Right
500.Right
500.Right
500.Right
500.Down

2005-6-26 23:15:54   Pÿ480ÿ6ÿ1ÿ500ÿ20453484ÿ204197468ÿ500.Down
500.Down

2005-6-26 23:15:55   Pÿ480ÿ6ÿ1ÿ500ÿ20453484ÿ204197468ÿ500.Down
500.Down

2005-6-26 23:15:55   Pÿ480ÿ6ÿ1ÿ500ÿ20453484ÿ204197468ÿ500.Down
500.Down
500.Down

2005-6-26 23:15:55   Pÿ480ÿ6ÿ1ÿ500ÿ20453484ÿ204197468ÿ500.Down
500.Down

2005-6-26 23:15:56   Pÿ480ÿ6ÿ1ÿ500ÿ20453484ÿ204197468ÿ500.Down
500.Down
500.Down
500.Down
500.Down
500.Down

2005-6-26 23:15:56   Pÿ480ÿ6ÿ1ÿ500ÿ20453484ÿ204197468ÿ500.Down
500.Stop
500.Down
500.Change

2005-6-26 23:15:57   Pÿ480ÿ6ÿ1ÿ500ÿ20453484ÿ204197468ÿ500.Down
500.Down
500.Right

2005-6-26 23:15:57   Pÿ480ÿ6ÿ1ÿ500ÿ20453484ÿ204197468ÿ500.Down
500.Right
500.Down
500.Right

2005-6-26 23:15:57   Pÿ480ÿ6ÿ1ÿ500ÿ20453484ÿ204197468ÿ500.Down
500.Right
500.Down

2005-6-26 23:15:58   Pÿ480ÿ6ÿ1ÿ500ÿ20453484ÿ204197468ÿ500.Down
500.Down
500.Down

2005-6-26 23:15:58   Pÿ480ÿ6ÿ1ÿ500ÿ20453484ÿ204197468ÿ500.Down
500.Down
500.Down
500.Down
500.Down
500.Down
500.Down
500.Down
500.Down
500.Down
500.Down

2005-6-26 23:15:59   Pÿ480ÿ6ÿ1ÿ500ÿ20453484ÿ204197468ÿ500.Down
500.Down
500.Down
500.Down
500.Down
500.Down
500.Down
500.Down

2005-6-26 23:15:59   Pÿ480ÿ6ÿ1ÿ500ÿ20453484ÿ204197468ÿ500.Down
500.Stop
500.Down
500.Change

2005-6-26 23:16:00   Pÿ480ÿ6ÿ2ÿ500ÿ20453484ÿ204197468ÿ500.Down
500.Right
500.Down
500.Right

2005-6-26 23:16:00   Pÿ480ÿ6ÿ2ÿ500ÿ20453484ÿ204197468ÿ500.Down
500.Down
500.Down

2005-6-26 23:16:00   Pÿ480ÿ6ÿ2ÿ500ÿ20453484ÿ204197468ÿ500.Down
500.Down
500.Down

2005-6-26 23:16:01   Pÿ480ÿ6ÿ2ÿ500ÿ20453484ÿ204197468ÿ500.Down
500.Down
500.Down
500.Down
500.Down
500.Down
500.Down
500.Down
500.Down
500.Down
500.Down
500.Down

2005-6-26 23:16:01   Pÿ480ÿ6ÿ2ÿ500ÿ20453484ÿ204197468ÿ500.Down
500.Stop
500.Down

2005-6-26 23:16:02   Pÿ480ÿ5ÿ2ÿ500ÿ20453484ÿ204197468ÿ500.Down
500.Down
500.Down

2005-6-26 23:16:02   Pÿ480ÿ5ÿ2ÿ500ÿ20453484ÿ204197468ÿ500.Down
500.Down

2005-6-26 23:16:02   Pÿ480ÿ5ÿ2ÿ500ÿ20453484ÿ204197468ÿ500.Down
500.Down
500.Down
500.Down
500.Down
500.Down
500.Down
500.Down
500.Down
500.Down
500.Down
500.Down
500.Down
500.Down

2005-6-26 23:16:03   Pÿ480ÿ5ÿ2ÿ500ÿ20453484ÿ204197468ÿ500.Down
500.Down
500.Down
500.Down
500.Down
500.Down
500.Down
500.Down
500.Down

2005-6-26 23:16:03   Pÿ480ÿ5ÿ2ÿ500ÿ20453484ÿ204197468ÿ500.Down
500.Stop
500.Down
500.Change

2005-6-26 23:16:04   Pÿ480ÿ4ÿ2ÿ500ÿ20453484ÿ204197468ÿ500.Down
500.Change
500.Down
500.Change

2005-6-26 23:16:04   Pÿ480ÿ4ÿ2ÿ500ÿ20453484ÿ204197468ÿ500.Down
500.Down
500.Left

2005-6-26 23:16:04   Pÿ480ÿ4ÿ2ÿ500ÿ20453484ÿ204197468ÿ500.Down
500.Left
500.Down

2005-6-26 23:16:05   Pÿ480ÿ4ÿ2ÿ500ÿ20453484ÿ204197468ÿ500.Down
500.Down

2005-6-26 23:16:05   Pÿ480ÿ4ÿ2ÿ500ÿ20453484ÿ204197468ÿ500.Down
500.Left
500.Down
500.Down

2005-6-26 23:16:06   Pÿ480ÿ4ÿ2ÿ500ÿ20453484ÿ204197468ÿ500.Down
500.Down
500.Down

2005-6-26 23:16:06   Pÿ480ÿ4ÿ2ÿ500ÿ20453484ÿ204197468ÿ500.Down
500.Down
500.Down
500.Down
500.Down
500.Down
500.Down
500.Down
500.Down
500.Down
500.Down
500.Down
500.Down
500.Down

2005-6-26 23:16:06   Pÿ480ÿ4ÿ2ÿ500ÿ20453484ÿ204197468ÿ500.Down
500.Stop
500.Down
500.Down
500.Down
500.Down
500.Down
500.Down
500.Down
500.Down
500.Change

2005-6-26 23:16:07   Pÿ480ÿ0ÿ1ÿ500ÿ20453484ÿ204197468ÿ500.Down
500.Change
500.Down
500.Change

2005-6-26 23:16:07   Pÿ480ÿ0ÿ1ÿ500ÿ20453484ÿ204197468ÿ500.Down
500.Down
500.Left

2005-6-26 23:16:08   Pÿ480ÿ0ÿ1ÿ500ÿ20453484ÿ204197468ÿ500.Down
500.Down

2005-6-26 23:16:08   Pÿ480ÿ0ÿ1ÿ500ÿ20453484ÿ204197468ÿ500.Down
500.Left
500.Left
500.Left
500.Left
500.Down
500.Left
500.Left
500.Left
500.Left
500.Left
500.Left

2005-6-26 23:16:08   Pÿ480ÿ0ÿ1ÿ500ÿ20453484ÿ204197468ÿ500.Down
500.Left
500.Left
500.Left
500.Left
500.Left
500.Left
500.Down
500.Left
500.Down

2005-6-26 23:16:09   Pÿ480ÿ0ÿ1ÿ500ÿ20453484ÿ204197468ÿ500.Down
500.Down
500.Down

2005-6-26 23:16:09   Pÿ480ÿ0ÿ1ÿ500ÿ20453484ÿ204197468ÿ500.Down
500.Build
500.Stop
500.Down
500.Down
500.Down
500.Down
500.Down
500.Down
500.Down
500.Down
500.Down
500.Down
500.Down
500.Down
500.Down

2005-6-26 23:16:10   Pÿ480ÿ3ÿ1ÿ500ÿ20453484ÿ204197468ÿ500.Down
500.Down
500.Down
500.Left

2005-6-26 23:16:10   Pÿ480ÿ3ÿ1ÿ500ÿ20453484ÿ204197468ÿ500.Down
500.Left
500.Down

2005-6-26 23:16:10   Pÿ480ÿ3ÿ1ÿ500ÿ20453484ÿ204197468ÿ500.Down
500.Down
500.Down

2005-6-26 23:16:11   Pÿ480ÿ3ÿ1ÿ500ÿ20453484ÿ204197468ÿ500.Down
500.Down
500.Down

2005-6-26 23:16:11   Pÿ480ÿ3ÿ1ÿ500ÿ20453484ÿ204197468ÿ500.Down
500.Down
500.Down
500.Down
500.Down
500.Down
500.Down
500.Down
500.Down
500.Down
500.Down
500.Down
500.Down
500.Down

2005-6-26 23:16:12   Pÿ480ÿ3ÿ1ÿ500ÿ20453484ÿ204197468ÿ500.Down
500.Stop
500.Down

2005-6-26 23:16:12   Pÿ480ÿ3ÿ2ÿ500ÿ20453484ÿ204197468ÿ500.Down
500.Down
500.Change

2005-6-26 23:16:12   Pÿ480ÿ3ÿ2ÿ500ÿ20453484ÿ204197468ÿ500.Down
500.Change
500.Down
500.Change

2005-6-26 23:16:13   Pÿ480ÿ3ÿ2ÿ500ÿ20453484ÿ204197468ÿ500.Down
500.Down
500.Right

2005-6-26 23:16:13   Pÿ480ÿ3ÿ2ÿ500ÿ20453484ÿ204197468ÿ500.Down
500.Down

2005-6-26 23:16:14   Pÿ480ÿ3ÿ2ÿ500ÿ20453484ÿ204197468ÿ500.Down
500.Down
500.Down

2005-6-26 23:16:14   Pÿ480ÿ3ÿ2ÿ500ÿ20453484ÿ204197468ÿ500.Down
500.Down

2005-6-26 23:16:14   Pÿ480ÿ3ÿ2ÿ500ÿ20453484ÿ204197468ÿ500.Down
500.Down
500.Down
500.Down
500.Down
500.Down
500.Down
500.Down
500.Down
500.Down
500.Down
500.Down
500.Down
500.Down

2005-6-26 23:16:15   Pÿ480ÿ3ÿ2ÿ500ÿ20453484ÿ204197468ÿ500.Down
500.Stop
500.Down
500.Down
500.Down
500.Down
500.Down
500.Change

2005-6-26 23:16:15   Pÿ480ÿ0ÿ1ÿ500ÿ20453484ÿ204197468ÿ500.Down
500.Left
500.Down
500.Left

2005-6-26 23:16:16   Pÿ480ÿ0ÿ1ÿ500ÿ20453484ÿ204197468ÿ500.Down
500.Left
500.Down
500.Left

2005-6-26 23:16:16   Pÿ480ÿ0ÿ1ÿ500ÿ20453484ÿ204197468ÿ500.Down
500.Left
500.Down

2005-6-26 23:16:16   Pÿ480ÿ0ÿ1ÿ500ÿ20453484ÿ204197468ÿ500.Down
500.Down
500.Down

2005-6-26 23:16:17   Pÿ480ÿ0ÿ1ÿ500ÿ20453484ÿ204197468ÿ500.Down
500.Stop
500.Down
500.Down
500.Down
500.Down

2005-6-26 23:16:17   Pÿ480ÿ1ÿ2ÿ500ÿ20453484ÿ204197468ÿ500.Down
500.Down
500.Down
500.Down
500.Down
500.Down
500.Down
500.Down
500.Down
500.Right

2005-6-26 23:16:18   Pÿ480ÿ1ÿ2ÿ500ÿ20453484ÿ204197468ÿ500.Down
500.Right
500.Down
500.Right

2005-6-26 23:16:18   Pÿ480ÿ1ÿ2ÿ500ÿ20453484ÿ204197468ÿ500.Down
500.Down

2005-6-26 23:16:18   Pÿ480ÿ1ÿ2ÿ500ÿ20453484ÿ204197468ÿ500.Down
500.Down
500.Down

2005-6-26 23:16:19   Pÿ480ÿ1ÿ2ÿ500ÿ20453484ÿ204197468ÿ500.Down
500.Down
500.Down
500.Down
500.Down
500.Down
500.Down
500.Down
500.Down

2005-6-26 23:16:19   Pÿ480ÿ1ÿ2ÿ500ÿ20453484ÿ204197468ÿ500.Down
500.Stop
500.Down
500.Down
500.Down
500.Down
500.Down
500.Down
500.Down
500.Change

2005-6-26 23:16:20   Pÿ480ÿ2ÿ1ÿ500ÿ20453484ÿ204197468ÿ500.Down
500.Left
500.Down

2005-6-26 23:16:20   Pÿ480ÿ2ÿ1ÿ500ÿ20453484ÿ204197468ÿ500.Down
500.Down
500.Left
500.Left
500.Left
500.Left

2005-6-26 23:16:20   Pÿ480ÿ2ÿ1ÿ500ÿ20453484ÿ204197468ÿ500.Down
500.Left
500.Left
500.Left
500.Left
500.Left
500.Left
500.Down
500.Left
500.Left
500.Left
500.Left
500.Down

2005-6-26 23:16:21   Pÿ480ÿ2ÿ1ÿ500ÿ20453484ÿ204197468ÿ500.Down
500.Down

2005-6-26 23:16:21   Pÿ480ÿ2ÿ1ÿ500ÿ20453484ÿ204197468ÿ500.Down
500.Down
500.Down
500.Down
500.Down
500.Down
500.Down
500.Down
500.Down
500.Down
500.Down
500.Down
500.Down
500.Down

2005-6-26 23:16:22   Pÿ480ÿ2ÿ1ÿ500ÿ20453484ÿ204197468ÿ500.Down
500.Stop
500.Down
500.Down
500.Down
500.Down
500.Down
500.Down
500.Down
500.Down
500.Down
500.Change

2005-6-26 23:16:22   Pÿ480ÿ5ÿ3ÿ500ÿ20453484ÿ204197468ÿ500.Down
500.Left
500.Down
500.Left

2005-6-26 23:16:22   Pÿ480ÿ5ÿ3ÿ500ÿ20453484ÿ204197468ÿ500.Down
500.Left
500.Down

2005-6-26 23:16:23   Pÿ480ÿ5ÿ3ÿ500ÿ20453484ÿ204197468ÿ500.Down
500.Down
500.Down

2005-6-26 23:16:23   Pÿ480ÿ5ÿ3ÿ500ÿ20453484ÿ204197468ÿ500.Down
500.Stop
500.Down
500.Down
500.Down
500.Down
500.Down
500.Down
500.Down
500.Down
500.Down

2005-6-26 23:16:24   Pÿ480ÿ0ÿ1ÿ500ÿ20453484ÿ204197468ÿ500.Down
500.Down
500.Down
500.Down
500.Down
500.Down
500.Down
500.Change

2005-6-26 23:16:24   Pÿ480ÿ0ÿ1ÿ500ÿ20453484ÿ204197468ÿ500.Down
500.Change
500.Down

2005-6-26 23:16:24   Pÿ480ÿ0ÿ1ÿ500ÿ20453484ÿ204197468ÿ500.Down
500.Down

2005-6-26 23:16:25   Pÿ480ÿ0ÿ1ÿ500ÿ20453484ÿ204197468ÿ500.Down
500.Down
500.Down

2005-6-26 23:16:25   Pÿ480ÿ0ÿ1ÿ500ÿ20453484ÿ204197468ÿ500.Down
500.Down
500.Down
500.Down
500.Down
500.Down
500.Down
500.Down
500.Down
500.Down
500.Down

2005-6-26 23:16:26   Pÿ480ÿ0ÿ1ÿ500ÿ20453484ÿ204197468ÿ500.Down
500.Down
500.Stop
500.Down
500.Right

2005-6-26 23:16:26   Pÿ480ÿ3ÿ2ÿ500ÿ20453484ÿ204197468ÿ500.Down
500.Right
500.Down
500.Right

2005-6-26 23:16:26   Pÿ480ÿ3ÿ2ÿ500ÿ20453484ÿ204197468ÿ500.Down
500.Right
500.Down
500.Right

2005-6-26 23:16:27   Pÿ480ÿ3ÿ2ÿ500ÿ20453484ÿ204197468ÿ500.Down
500.Down
500.Down

2005-6-26 23:16:27   Pÿ480ÿ3ÿ2ÿ500ÿ20453484ÿ204197468ÿ500.Down
500.Down
500.Down
500.Down
500.Down
500.Down
500.Down
500.Down

2005-6-26 23:16:28   Pÿ480ÿ3ÿ2ÿ500ÿ20453484ÿ204197468ÿ500.Down
500.Stop
500.Down
500.Down
500.Down
500.Down
500.Down
500.Down
500.Down
500.Down

2005-6-26 23:16:28   Pÿ480ÿ2ÿ1ÿ500ÿ20453484ÿ204197468ÿ500.Down
500.Change
500.Down
500.Change

2005-6-26 23:16:28   Pÿ480ÿ2ÿ1ÿ500ÿ20453484ÿ204197468ÿ500.Down
500.Down
500.Right

2005-6-26 23:16:29   Pÿ480ÿ2ÿ1ÿ500ÿ20453484ÿ204197468ÿ500.Down
500.Right
500.Down
500.Down

2005-6-26 23:16:29   Pÿ480ÿ2ÿ1ÿ500ÿ20453484ÿ204197468ÿ500.Down
500.Down

2005-6-26 23:16:30   Pÿ480ÿ2ÿ1ÿ500ÿ20453484ÿ204197468ÿ500.Down
500.Down
500.Down
500.Down
500.Down
500.Down
500.Down
500.Down
500.Down
500.Down
500.Down
500.Down

2005-6-26 23:16:30   Pÿ480ÿ2ÿ1ÿ500ÿ20453484ÿ204197468ÿ500.Down
500.Stop
500.Down
500.Down
500.Down
500.Down
500.Down
500.Down
500.Down
500.Down
500.Left

2005-6-26 23:16:30   Pÿ480ÿ5ÿ4ÿ500ÿ20453484ÿ204197468ÿ500.Down
500.Left
500.Down
500.Left

2005-6-26 23:16:31   Pÿ480ÿ5ÿ4ÿ500ÿ20453484ÿ204197468ÿ500.Down
500.Down

2005-6-26 23:16:31   Pÿ480ÿ5ÿ4ÿ500ÿ20453484ÿ204197468ÿ500.Down
500.Left
500.Left
500.Left
500.Left
500.Left
500.Down
500.Left
500.Left
500.Left
500.Left
500.Left
500.Left

2005-6-26 23:16:32   Pÿ480ÿ5ÿ4ÿ500ÿ20453484ÿ204197468ÿ500.Down
500.Left
500.Left
500.Left
500.Left
500.Left
500.Left
500.Down
500.Left
500.Down

2005-6-26 23:16:32   Pÿ480ÿ5ÿ4ÿ500ÿ20453484ÿ204197468ÿ500.Down
500.Down
500.Down

2005-6-26 23:16:32   Pÿ480ÿ5ÿ4ÿ500ÿ20453484ÿ204197468ÿ500.Down
500.Stop
500.Down
500.Down
500.Down
500.Down
500.Down
500.Down
500.Down
500.Down
500.Change

2005-6-26 23:16:33   Pÿ480ÿ1ÿ1ÿ500ÿ20453484ÿ204197468ÿ500.Down
500.Change
500.Down
500.Change

2005-6-26 23:16:33   Pÿ480ÿ1ÿ1ÿ500ÿ20453484ÿ204197468ÿ500.Down
500.Down

2005-6-26 23:16:34   Pÿ480ÿ1ÿ1ÿ500ÿ20453484ÿ204197468ÿ500.Down
500.Left
500.Down

2005-6-26 23:16:34   Pÿ480ÿ1ÿ1ÿ500ÿ20453484ÿ204197468ÿ500.Down
500.Down
500.Down

2005-6-26 23:16:34   Pÿ480ÿ1ÿ1ÿ500ÿ20453484ÿ204197468ÿ500.Down
500.Down
500.Down

2005-6-26 23:16:35   Pÿ480ÿ1ÿ1ÿ500ÿ20453484ÿ204197468ÿ500.Down
500.Down
500.Down
500.Down
500.Down
500.Down
500.Down
500.Down

2005-6-26 23:16:35   Pÿ480ÿ1ÿ1ÿ500ÿ20453484ÿ204197468ÿ500.Down
500.Stop
500.Down
500.Right

2005-6-26 23:16:36   Pÿ480ÿ1ÿ2ÿ500ÿ20453484ÿ204197468ÿ500.Down
500.Right
500.Down
500.Right

2005-6-26 23:16:36   Pÿ480ÿ1ÿ2ÿ500ÿ20453484ÿ204197468ÿ500.Down
500.Right
500.Down
500.Right

2005-6-26 23:16:36   Pÿ480ÿ1ÿ2ÿ500ÿ20453484ÿ204197468ÿ500.Down
500.Right
500.Down
500.Right

2005-6-26 23:16:37   Pÿ480ÿ1ÿ2ÿ500ÿ20453484ÿ204197468ÿ500.Down
500.Right
500.Down

2005-6-26 23:16:37   Pÿ480ÿ1ÿ2ÿ500ÿ20453484ÿ204197468ÿ500.Down
500.Down

2005-6-26 23:16:38   Pÿ480ÿ1ÿ2ÿ500ÿ20453484ÿ204197468ÿ500.Down
500.Down

2005-6-26 23:16:38   Pÿ480ÿ1ÿ2ÿ500ÿ20453484ÿ204197468ÿ500.Down
500.Down

2005-6-26 23:16:38   Pÿ480ÿ1ÿ2ÿ500ÿ20453484ÿ204197468ÿ500.Down
500.Down

2005-6-26 23:16:39   Pÿ480ÿ1ÿ2ÿ500ÿ20453484ÿ204197468ÿ500.Down
500.Down

2005-6-26 23:16:39   Pÿ480ÿ1ÿ2ÿ500ÿ20453484ÿ204197468ÿ500.Down
500.Down

2005-6-26 23:16:40   Pÿ480ÿ1ÿ2ÿ500ÿ20453484ÿ204197468ÿ500.Down
500.Build
500.Build
500.Build
500.Stop
500.Down

2005-6-26 23:16:40   Pÿ480ÿ3ÿ2ÿ500ÿ20453484ÿ204197468ÿ500.Down
500.Down

2005-6-26 23:16:40   Pÿ480ÿ3ÿ2ÿ500ÿ20453484ÿ204197468ÿ500.Down
500.Down

2005-6-26 23:16:41   Pÿ480ÿ3ÿ2ÿ500ÿ20453484ÿ204197468ÿ500.Down
500.Down

2005-6-26 23:16:41   Pÿ480ÿ3ÿ2ÿ500ÿ20453484ÿ204197468ÿ500.Down
500.Down

2005-6-26 23:16:42   Pÿ480ÿ3ÿ2ÿ500ÿ20453484ÿ204197468ÿ500.Down
500.Down

2005-6-26 23:16:42   Pÿ480ÿ3ÿ2ÿ500ÿ20453484ÿ204197468ÿ500.Down
500.Down

2005-6-26 23:16:42   Pÿ480ÿ3ÿ2ÿ500ÿ20453484ÿ204197468ÿ500.Down
500.Down

2005-6-26 23:16:43   Pÿ480ÿ3ÿ2ÿ500ÿ20453484ÿ204197468ÿ500.Down
500.Down

2005-6-26 23:16:43   Pÿ480ÿ3ÿ2ÿ500ÿ20453484ÿ204197468ÿ500.Down
500.Down

2005-6-26 23:16:44   Pÿ480ÿ3ÿ2ÿ500ÿ20453484ÿ204197468ÿ500.Down
500.Down
500.Left

2005-6-26 23:16:44   Pÿ480ÿ3ÿ2ÿ500ÿ20453484ÿ204197468ÿ500.Down
500.Left
500.Down

2005-6-26 23:16:44   Pÿ480ÿ3ÿ2ÿ500ÿ20453484ÿ204197468ÿ500.Down
500.Down

2005-6-26 23:16:45   Pÿ480ÿ3ÿ2ÿ500ÿ20453484ÿ204197468ÿ500.Down
500.Stop
500.Down

2005-6-26 23:16:45   Pÿ480ÿ6ÿ1ÿ500ÿ20453484ÿ204197468ÿ500.Down
500.Down

2005-6-26 23:16:46   Pÿ480ÿ6ÿ1ÿ500ÿ20453484ÿ204197468ÿ500.Down
500.Down

2005-6-26 23:16:46   Pÿ480ÿ6ÿ1ÿ500ÿ20453484ÿ204197468ÿ500.Down
500.Down

2005-6-26 23:16:46   Pÿ480ÿ6ÿ1ÿ500ÿ20453484ÿ204197468ÿ500.Down
500.Down

2005-6-26 23:16:47   Pÿ480ÿ6ÿ1ÿ500ÿ20453484ÿ204197468ÿ500.Down
500.Down

2005-6-26 23:16:47   Pÿ480ÿ6ÿ1ÿ500ÿ20453484ÿ204197468ÿ500.Down
500.Down

2005-6-26 23:16:48   Pÿ480ÿ6ÿ1ÿ500ÿ20453484ÿ204197468ÿ500.Down
500.Down

2005-6-26 23:16:48   Pÿ480ÿ6ÿ1ÿ500ÿ20453484ÿ204197468ÿ500.Down
500.Down

2005-6-26 23:16:48   Pÿ480ÿ6ÿ1ÿ500ÿ20453484ÿ204197468ÿ500.Down
500.Down

2005-6-26 23:16:49   Pÿ480ÿ6ÿ1ÿ500ÿ20453484ÿ204197468ÿ500.Down
500.Down

2005-6-26 23:16:49   Pÿ480ÿ6ÿ1ÿ500ÿ20453484ÿ204197468ÿ500.Down
500.Down

2005-6-26 23:16:50   Pÿ480ÿ6ÿ1ÿ500ÿ20453484ÿ204197468ÿ500.Down
500.Down

2005-6-26 23:16:50   Pÿ480ÿ6ÿ1ÿ500ÿ20453484ÿ204197468ÿ500.Down
500.Stop
500.Down

2005-6-26 23:16:50   Pÿ480ÿ1ÿ1ÿ500ÿ20453484ÿ204197468ÿ500.Down
500.Down

2005-6-26 23:16:51   Pÿ480ÿ1ÿ1ÿ500ÿ20453484ÿ204197468ÿ500.Down
500.Down

2005-6-26 23:16:51   Jÿ500ÿXÄãÿ204197468ÿ480ÿ?ÿ?ÿ?
2005-6-26 23:16:52   Cÿ500ÿXÄãÿ0ÿ204197468ÿgodfatherÿ127.0.0.1ÿ?
2005-6-26 23:16:54   Cÿ480ÿXÎÒÿ1ÿ20453484ÿgodfatherÿ127.0.0.1ÿ?
