2005-6-21 8:00:50   Pÿ480ÿ4ÿ3ÿ484ÿ20453484ÿ204197468ÿ484.Start
484.Down

2005-6-21 8:00:50   Pÿ480ÿ4ÿ2ÿ484ÿ20453484ÿ204197468ÿ484.Down
484.Down

2005-6-21 8:00:50   Pÿ480ÿ4ÿ2ÿ484ÿ20453484ÿ204197468ÿ484.Down

2005-6-21 8:00:50   Pÿ480ÿ4ÿ2ÿ484ÿ20453484ÿ204197468ÿ484.Down

2005-6-21 8:00:51   Pÿ480ÿ4ÿ2ÿ484ÿ20453484ÿ204197468ÿ484.Down
484.Down
484.Down
484.Down
484.Down
484.Down

2005-6-21 8:00:51   Pÿ480ÿ4ÿ2ÿ484ÿ20453484ÿ204197468ÿ484.Down
484.Down
484.Down
484.Down
484.Down
484.Down

2005-6-21 8:00:51   Pÿ480ÿ4ÿ2ÿ484ÿ20453484ÿ204197468ÿ484.Down
484.Down
484.Down
484.Down
484.Down
484.Down
484.Down

2005-6-21 8:00:51   Pÿ480ÿ4ÿ2ÿ484ÿ20453484ÿ204197468ÿ484.Down
484.Down
484.Down
484.Down
484.Down
484.Down
484.Down

2005-6-21 8:00:51   Pÿ480ÿ4ÿ2ÿ484ÿ20453484ÿ204197468ÿ484.Stop
484.Down
484.Down
484.Down
484.Down
484.Down
484.Down
484.Down

2005-6-21 8:00:52   Pÿ480ÿ6ÿ1ÿ484ÿ20453484ÿ204197468ÿ484.Down
484.Down
484.Down
484.Down
484.Down
484.Down

2005-6-21 8:00:52   Pÿ480ÿ6ÿ1ÿ484ÿ20453484ÿ204197468ÿ484.Down
484.Down
484.Down
484.Down
484.Down
484.Down
484.Down

2005-6-21 8:00:52   Pÿ480ÿ6ÿ1ÿ484ÿ20453484ÿ204197468ÿ484.Down
484.Down
484.Down
484.Down
484.Down
484.Down
484.Down

2005-6-21 8:00:52   Pÿ480ÿ6ÿ1ÿ484ÿ20453484ÿ204197468ÿ484.Stop
484.Down
484.Down
484.Down
484.Down
484.Down
484.Down
484.Down

2005-6-21 8:00:52   Pÿ480ÿ2ÿ1ÿ484ÿ20453484ÿ204197468ÿ484.Down
484.Down
484.Down
484.Down
484.Down
484.Down

2005-6-21 8:00:53   Pÿ480ÿ2ÿ1ÿ484ÿ20453484ÿ204197468ÿ484.Down
484.Down
484.Down
484.Down
484.Down
484.Down
484.Down

2005-6-21 8:00:53   Pÿ480ÿ2ÿ1ÿ484ÿ20453484ÿ204197468ÿ484.Stop
484.Down
484.Down
484.Down
484.Down
484.Down
484.Down
484.Down

2005-6-21 8:00:53   Pÿ480ÿ3ÿ2ÿ484ÿ20453484ÿ204197468ÿ484.Down
484.Down
484.Down
484.Down
484.Down
484.Down
484.Down

2005-6-21 8:00:53   Pÿ480ÿ3ÿ2ÿ484ÿ20453484ÿ204197468ÿ484.Down
484.Down
484.Down
484.Down
484.Down
484.Down

2005-6-21 8:00:53   Pÿ480ÿ3ÿ2ÿ484ÿ20453484ÿ204197468ÿ484.Stop
484.Down
484.Down
484.Down
484.Down
484.Down
484.Down
484.Down

2005-6-21 8:00:54   Pÿ480ÿ2ÿ2ÿ484ÿ20453484ÿ204197468ÿ484.Down
484.Down
484.Down
484.Down
484.Down
484.Down
484.Down

2005-6-21 8:00:54   Pÿ480ÿ2ÿ2ÿ484ÿ20453484ÿ204197468ÿ484.Down
484.Down
484.Down
484.Down
484.Down
484.Down

2005-6-21 8:00:54   Pÿ480ÿ2ÿ2ÿ484ÿ20453484ÿ204197468ÿ484.Down
484.Stop
484.Down
484.Down
484.Down
484.Down
484.Down
484.Down

2005-6-21 8:00:54   Pÿ480ÿ1ÿ2ÿ484ÿ20453484ÿ204197468ÿ484.Down
484.Down
484.Down
484.Down
484.Down
484.Down
484.Down

2005-6-21 8:00:54   Pÿ480ÿ1ÿ2ÿ484ÿ20453484ÿ204197468ÿ484.Stop
484.Down
484.Down
484.Down
484.Down
484.Down
484.Down
484.Down

2005-6-21 8:00:55   Pÿ480ÿ5ÿ2ÿ484ÿ20453484ÿ204197468ÿ484.Down
484.Down
484.Down
484.Down
484.Down
484.Down

2005-6-21 8:00:55   Pÿ480ÿ5ÿ2ÿ484ÿ20453484ÿ204197468ÿ484.Down
484.Down
484.Down
484.Down
484.Down
484.Down
484.Down

2005-6-21 8:00:55   Pÿ480ÿ5ÿ2ÿ484ÿ20453484ÿ204197468ÿ484.Stop
484.Down
484.Down
484.Down
484.Down
484.Down
484.Down
484.Down

2005-6-21 8:00:55   Pÿ480ÿ6ÿ1ÿ484ÿ20453484ÿ204197468ÿ484.Stop
484.Down
484.Down
484.Down
484.Down
484.Down
484.Down
484.Down

2005-6-21 8:00:55   Pÿ480ÿ1ÿ2ÿ484ÿ20453484ÿ204197468ÿ484.Down
484.Down
484.Down
484.Down
484.Down
484.Down

2005-6-21 8:00:56   Pÿ480ÿ1ÿ2ÿ484ÿ20453484ÿ204197468ÿ484.Stop
484.Down
484.Down
484.Down
484.Down
484.Down
484.Down
484.Down

2005-6-21 8:00:56   Pÿ480ÿ3ÿ3ÿ484ÿ20453484ÿ204197468ÿ484.Stop
484.Down
484.Down
484.Down
484.Down
484.Down
484.Down
484.Down

2005-6-21 8:00:56   Pÿ480ÿ2ÿ1ÿ484ÿ20453484ÿ204197468ÿ484.Down
484.Down
484.Down
484.Down
484.Down
484.Down
484.Down

2005-6-21 8:00:56   Pÿ480ÿ2ÿ1ÿ484ÿ20453484ÿ204197468ÿ484.Stop
484.Down
484.Down
484.Down
484.Down
484.Down
484.Down

2005-6-21 8:00:56   Pÿ480ÿ4ÿ2ÿ484ÿ20453484ÿ204197468ÿ484.Stop
484.Down
484.Down
484.Down
484.Down
484.Down
484.Down
484.Down

